#
# There is insufficient memory for the Java Runtime Environment to continue.
# Native memory allocation (mmap) failed to map 198705152 bytes for committing reserved memory.
# Possible reasons:
#   The system is out of physical RAM or swap space
#   In 32 bit mode, the process size limit was hit
# Possible solutions:
#   Reduce memory load on the system
#   Increase physical memory or swap space
#   Check if swap backing store is full
#   Use 64 bit Java on a 64 bit OS
#   Decrease Java heap size (-Xmx/-Xms)
#   Decrease number of Java threads
#   Decrease Java thread stack sizes (-Xss)
#   Set larger code cache with -XX:ReservedCodeCacheSize=
# This output file may be truncated or incomplete.
#
#  Out of Memory Error (os_linux.cpp:2640), pid=16385, tid=0x00007efe493da700
#
# JRE version: OpenJDK Runtime Environment (8.0_152-b01) (build 1.8.0_152-release-1024-b01)
# Java VM: OpenJDK 64-Bit Server VM (25.152-b01 mixed mode linux-amd64 compressed oops)
# Failed to write core dump. Core dumps have been disabled. To enable core dumping, try "ulimit -c unlimited" before starting Java again
#

---------------  T H R E A D  ---------------

Current thread (0x00007efe5c07f000):  VMThread [stack: 0x00007efe492db000,0x00007efe493db000] [id=16396]

Stack: [0x00007efe492db000,0x00007efe493db000],  sp=0x00007efe493d9470,  free space=1017k
Native frames: (J=compiled Java code, j=interpreted, Vv=VM code, C=native code)
V  [libjvm.so+0x9ed02d]  VMError::report_and_die()+0x15d
V  [libjvm.so+0x4b99fa]  report_vm_out_of_memory(char const*, int, unsigned long, VMErrorType, char const*)+0x8a
V  [libjvm.so+0x852c20]  os::pd_commit_memory(char*, unsigned long, unsigned long, bool)+0xf0
V  [libjvm.so+0x84d72f]  os::commit_memory(char*, unsigned long, unsigned long, bool)+0x1f
V  [libjvm.so+0x8c448b]  PSVirtualSpace::expand_by(unsigned long)+0x5b
V  [libjvm.so+0x8b526b]  PSOldGen::expand_by(unsigned long) [clone .part.109]+0x1b
V  [libjvm.so+0x8b542b]  PSOldGen::expand(unsigned long) [clone .part.111]+0xdb
V  [libjvm.so+0x8b5d08]  PSOldGen::resize(unsigned long)+0x188
V  [libjvm.so+0x8bb31c]  PSParallelCompact::invoke_no_policy(bool)+0x97c
V  [libjvm.so+0x8c242d]  PSScavenge::invoke()+0x17d
V  [libjvm.so+0x876633]  ParallelScavengeHeap::failed_mem_allocate(unsigned long)+0x63
V  [libjvm.so+0x9eeb54]  VM_ParallelGCFailedAllocation::doit()+0x84
V  [libjvm.so+0x9f3067]  VM_Operation::evaluate()+0x47
V  [libjvm.so+0x9f1a48]  VMThread::evaluate_operation(VM_Operation*)+0x2c8
V  [libjvm.so+0x9f1ec9]  VMThread::loop()+0x219
V  [libjvm.so+0x9f2312]  VMThread::run()+0x72
V  [libjvm.so+0x850032]  java_start(Thread*)+0xf2

VM_Operation (0x00007efe61f331f0): ParallelGCFailedAllocation, mode: safepoint, requested by thread 0x00007efe5c011800


---------------  P R O C E S S  ---------------

Java Threads: ( => current thread )
  0x00007efe5dcb7800 JavaThread "JoystickHandlerThread_name" [_thread_blocked, id=16419, stack(0x00007efdf9b22000,0x00007efdf9c23000)]
  0x00007efe5cf0d000 JavaThread "Java2D Disposer" daemon [_thread_blocked, id=16418, stack(0x00007efdf9e23000,0x00007efdf9f24000)]
  0x00007efe5cb86800 JavaThread "RxNewThreadScheduler-2" daemon [_thread_blocked, id=16412, stack(0x00007efe3b1fe000,0x00007efe3b2ff000)]
  0x00007efe5cb82000 JavaThread "RxSingleScheduler-1" daemon [_thread_blocked, id=16411, stack(0x00007efe3b0fd000,0x00007efe3b1fe000)]
  0x00007efe5cc4f000 JavaThread "RxSchedulerPurge-1" daemon [_thread_blocked, id=16409, stack(0x00007efe3b2ff000,0x00007efe3b400000)]
  0x00007efe5c0eb000 JavaThread "Monitor Ctrl-Break" daemon [_thread_in_native, id=16405, stack(0x00007efe48002000,0x00007efe48103000)]
  0x00007efe5c0cf800 JavaThread "Service Thread" daemon [_thread_blocked, id=16403, stack(0x00007efe48204000,0x00007efe48305000)]
  0x00007efe5c0c4800 JavaThread "C1 CompilerThread2" daemon [_thread_blocked, id=16402, stack(0x00007efe48306000,0x00007efe48406000)]
  0x00007efe5c0c2800 JavaThread "C2 CompilerThread1" daemon [_thread_blocked, id=16401, stack(0x00007efe48407000,0x00007efe48507000)]
  0x00007efe5c0c0800 JavaThread "C2 CompilerThread0" daemon [_thread_blocked, id=16400, stack(0x00007efe48508000,0x00007efe48608000)]
  0x00007efe5c0bd800 JavaThread "Signal Dispatcher" daemon [_thread_blocked, id=16399, stack(0x00007efe48608000,0x00007efe48709000)]
  0x00007efe5c08b000 JavaThread "Finalizer" daemon [_thread_blocked, id=16398, stack(0x00007efe490d8000,0x00007efe491d9000)]
  0x00007efe5c086800 JavaThread "Reference Handler" daemon [_thread_blocked, id=16397, stack(0x00007efe491d9000,0x00007efe492da000)]
  0x00007efe5c011800 JavaThread "main" [_thread_blocked, id=16388, stack(0x00007efe61e43000,0x00007efe61f43000)]

Other Threads:
=>0x00007efe5c07f000 VMThread [stack: 0x00007efe492db000,0x00007efe493db000] [id=16396]
  0x00007efe5c0d2000 WatcherThread [stack: 0x00007efe48104000,0x00007efe48204000] [id=16404]

VM state:at safepoint (normal execution)

VM Mutex/Monitor currently owned by a thread:  ([mutex/lock_event])
[0x00007efe5c00d580] ExpandHeap_lock - owner thread: 0x00007efe5c07f000
[0x00007efe5c00dc00] Threads_lock - owner thread: 0x00007efe5c07f000
[0x00007efe5c00e100] Heap_lock - owner thread: 0x00007efe5c011800

Heap:
 PSYoungGen      total 493568K, used 30919K [0x00000000d8800000, 0x00000000ffe00000, 0x0000000100000000)
  eden space 346624K, 0% used [0x00000000d8800000,0x00000000d8800000,0x00000000eda80000)
  from space 146944K, 21% used [0x00000000eda80000,0x00000000ef8b1e40,0x00000000f6a00000)
  to   space 143872K, 0% used [0x00000000f7180000,0x00000000f7180000,0x00000000ffe00000)
 ParOldGen       total 432128K, used 431715K [0x0000000089800000, 0x00000000a3e00000, 0x00000000d8800000)
  object space 432128K, 99% used [0x0000000089800000,0x00000000a3d98db0,0x00000000a3e00000)
 Metaspace       used 70104K, capacity 76909K, committed 80640K, reserved 1120256K
  class space    used 7876K, capacity 9861K, committed 10496K, reserved 1048576K

Card table byte_map: [0x00007efe4b7e4000,0x00007efe4bb99000] byte_map_base: 0x00007efe4b398000

Marking Bits: (ParMarkBitMap*) 0x00007efe612de440
 Begin Bits: [0x00007efe404c0000, 0x00007efe42260000)
 End Bits:   [0x00007efe42260000, 0x00007efe44000000)

Polling page: 0x00007efe61f5c000

CodeCache: size=245760Kb used=25816Kb max_used=25821Kb free=219943Kb
 bounds [0x00007efe4bf59000, 0x00007efe4d8a9000, 0x00007efe5af59000]
 total_blobs=8530 nmethods=7350 adapters=1094
 compilation: enabled

Compilation events (10 events):
Event: 23.484 Thread 0x00007efe5c0c0800 nmethod 9085 0x00007efe4d897150 code [0x00007efe4d8972a0, 0x00007efe4d897358]
Event: 23.487 Thread 0x00007efe5c0c4800 nmethod 9086 0x00007efe4d897450 code [0x00007efe4d8977c0, 0x00007efe4d899c08]
Event: 23.487 Thread 0x00007efe5c0c4800 9087       3       java.lang.invoke.LambdaForm$MH/271502177::linkToCallSite (20 bytes)
Event: 23.488 Thread 0x00007efe5c0c4800 nmethod 9087 0x00007efe4d895e10 code [0x00007efe4d895fc0, 0x00007efe4d896668]
Event: 23.490 Thread 0x00007efe5c0c4800 9090 %     3       java.lang.invoke.LambdaFormBuffer::endEdit @ 183 (308 bytes)
Event: 23.491 Thread 0x00007efe5c0c4800 nmethod 9090% 0x00007efe4d89c750 code [0x00007efe4d89c980, 0x00007efe4d89d878]
Event: 23.491 Thread 0x00007efe5c0c2800 9095       4       java.lang.invoke.LambdaFormBuffer::changeName (149 bytes)
Event: 23.493 Thread 0x00007efe5c0c2800 nmethod 9095 0x00007efe4d8a1190 code [0x00007efe4d8a12e0, 0x00007efe4d8a13f8]
Event: 23.493 Thread 0x00007efe5c0c0800 9100       4       java.util.Arrays::rangeCheck (74 bytes)
Event: 23.494 Thread 0x00007efe5c0c0800 nmethod 9100 0x00007efe4d89f3d0 code [0x00007efe4d89f520, 0x00007efe4d89f5b8]

GC Heap History (10 events):
Event: 19.385 GC heap after
Heap after GC invocations=29 (full 4):
 PSYoungGen      total 538112K, used 109032K [0x00000000d8800000, 0x0000000100000000, 0x0000000100000000)
  eden space 429056K, 0% used [0x00000000d8800000,0x00000000d8800000,0x00000000f2b00000)
  from space 109056K, 99% used [0x00000000f2b00000,0x00000000f957a040,0x00000000f9580000)
  to   space 109056K, 0% used [0x00000000f9580000,0x00000000f9580000,0x0000000100000000)
 ParOldGen       total 432128K, used 280875K [0x0000000089800000, 0x00000000a3e00000, 0x00000000d8800000)
  object space 432128K, 64% used [0x0000000089800000,0x000000009aa4af08,0x00000000a3e00000)
 Metaspace       used 65946K, capacity 71081K, committed 71424K, reserved 1112064K
  class space    used 7168K, capacity 8849K, committed 8960K, reserved 1048576K
}
Event: 20.463 GC heap before
{Heap before GC invocations=30 (full 4):
 PSYoungGen      total 538112K, used 538088K [0x00000000d8800000, 0x0000000100000000, 0x0000000100000000)
  eden space 429056K, 100% used [0x00000000d8800000,0x00000000f2b00000,0x00000000f2b00000)
  from space 109056K, 99% used [0x00000000f2b00000,0x00000000f957a040,0x00000000f9580000)
  to   space 109056K, 0% used [0x00000000f9580000,0x00000000f9580000,0x0000000100000000)
 ParOldGen       total 432128K, used 280875K [0x0000000089800000, 0x00000000a3e00000, 0x00000000d8800000)
  object space 432128K, 64% used [0x0000000089800000,0x000000009aa4af08,0x00000000a3e00000)
 Metaspace       used 67564K, capacity 73601K, committed 73728K, reserved 1114112K
  class space    used 7253K, capacity 9179K, committed 9216K, reserved 1048576K
Event: 20.657 GC heap after
Heap after GC invocations=30 (full 4):
 PSYoungGen      total 454144K, used 109044K [0x00000000d8800000, 0x0000000100000000, 0x0000000100000000)
  eden space 345088K, 0% used [0x00000000d8800000,0x00000000d8800000,0x00000000ed900000)
  from space 109056K, 99% used [0x00000000f9580000,0x00000000ffffd030,0x0000000100000000)
  to   space 151040K, 0% used [0x00000000ed900000,0x00000000ed900000,0x00000000f6c80000)
 ParOldGen       total 432128K, used 303667K [0x0000000089800000, 0x00000000a3e00000, 0x00000000d8800000)
  object space 432128K, 70% used [0x0000000089800000,0x000000009c08cf08,0x00000000a3e00000)
 Metaspace       used 67564K, capacity 73601K, committed 73728K, reserved 1114112K
  class space    used 7253K, capacity 9179K, committed 9216K, reserved 1048576K
}
Event: 21.659 GC heap before
{Heap before GC invocations=31 (full 4):
 PSYoungGen      total 454144K, used 454132K [0x00000000d8800000, 0x0000000100000000, 0x0000000100000000)
  eden space 345088K, 100% used [0x00000000d8800000,0x00000000ed900000,0x00000000ed900000)
  from space 109056K, 99% used [0x00000000f9580000,0x00000000ffffd030,0x0000000100000000)
  to   space 151040K, 0% used [0x00000000ed900000,0x00000000ed900000,0x00000000f6c80000)
 ParOldGen       total 432128K, used 303667K [0x0000000089800000, 0x00000000a3e00000, 0x00000000d8800000)
  object space 432128K, 70% used [0x0000000089800000,0x000000009c08cf08,0x00000000a3e00000)
 Metaspace       used 68046K, capacity 74309K, committed 74624K, reserved 1114112K
  class space    used 7289K, capacity 9249K, committed 9344K, reserved 1048576K
Event: 21.865 GC heap after
Heap after GC invocations=31 (full 4):
 PSYoungGen      total 496128K, used 80224K [0x00000000d8800000, 0x0000000100000000, 0x0000000100000000)
  eden space 345088K, 0% used [0x00000000d8800000,0x00000000d8800000,0x00000000ed900000)
  from space 151040K, 53% used [0x00000000ed900000,0x00000000f2758010,0x00000000f6c80000)
  to   space 149504K, 0% used [0x00000000f6e00000,0x00000000f6e00000,0x0000000100000000)
 ParOldGen       total 432128K, used 351145K [0x0000000089800000, 0x00000000a3e00000, 0x00000000d8800000)
  object space 432128K, 81% used [0x0000000089800000,0x000000009eeea708,0x00000000a3e00000)
 Metaspace       used 68046K, capacity 74309K, committed 74624K, reserved 1114112K
  class space    used 7289K, capacity 9249K, committed 9344K, reserved 1048576K
}
Event: 22.703 GC heap before
{Heap before GC invocations=32 (full 4):
 PSYoungGen      total 496128K, used 425312K [0x00000000d8800000, 0x0000000100000000, 0x0000000100000000)
  eden space 345088K, 100% used [0x00000000d8800000,0x00000000ed900000,0x00000000ed900000)
  from space 151040K, 53% used [0x00000000ed900000,0x00000000f2758010,0x00000000f6c80000)
  to   space 149504K, 0% used [0x00000000f6e00000,0x00000000f6e00000,0x0000000100000000)
 ParOldGen       total 432128K, used 351145K [0x0000000089800000, 0x00000000a3e00000, 0x00000000d8800000)
  object space 432128K, 81% used [0x0000000089800000,0x000000009eeea708,0x00000000a3e00000)
 Metaspace       used 69716K, capacity 76209K, committed 76416K, reserved 1116160K
  class space    used 7498K, capacity 9529K, committed 9600K, reserved 1048576K
Event: 22.790 GC heap after
Heap after GC invocations=32 (full 4):
 PSYoungGen      total 489472K, used 78523K [0x00000000d8800000, 0x00000000ff980000, 0x0000000100000000)
  eden space 346624K, 0% used [0x00000000d8800000,0x00000000d8800000,0x00000000eda80000)
  from space 142848K, 54% used [0x00000000f6e00000,0x00000000fbaaefa0,0x00000000ff980000)
  to   space 146944K, 0% used [0x00000000eda80000,0x00000000eda80000,0x00000000f6a00000)
 ParOldGen       total 432128K, used 370937K [0x0000000089800000, 0x00000000a3e00000, 0x00000000d8800000)
  object space 432128K, 85% used [0x0000000089800000,0x00000000a023e7c0,0x00000000a3e00000)
 Metaspace       used 69716K, capacity 76209K, committed 76416K, reserved 1116160K
  class space    used 7498K, capacity 9529K, committed 9600K, reserved 1048576K
}
Event: 23.504 GC heap before
{Heap before GC invocations=33 (full 4):
 PSYoungGen      total 489472K, used 425147K [0x00000000d8800000, 0x00000000ff980000, 0x0000000100000000)
  eden space 346624K, 100% used [0x00000000d8800000,0x00000000eda80000,0x00000000eda80000)
  from space 142848K, 54% used [0x00000000f6e00000,0x00000000fbaaefa0,0x00000000ff980000)
  to   space 146944K, 0% used [0x00000000eda80000,0x00000000eda80000,0x00000000f6a00000)
 ParOldGen       total 432128K, used 370937K [0x0000000089800000, 0x00000000a3e00000, 0x00000000d8800000)
  object space 432128K, 85% used [0x0000000089800000,0x00000000a023e7c0,0x00000000a3e00000)
 Metaspace       used 72496K, capacity 80425K, committed 80640K, reserved 1120256K
  class space    used 8008K, capacity 10431K, committed 10496K, reserved 1048576K
Event: 23.589 GC heap after
Heap after GC invocations=33 (full 4):
 PSYoungGen      total 493568K, used 78195K [0x00000000d8800000, 0x00000000ffe00000, 0x0000000100000000)
  eden space 346624K, 0% used [0x00000000d8800000,0x00000000d8800000,0x00000000eda80000)
  from space 146944K, 53% used [0x00000000eda80000,0x00000000f26dcfb8,0x00000000f6a00000)
  to   space 143872K, 0% used [0x00000000f7180000,0x00000000f7180000,0x00000000ffe00000)
 ParOldGen       total 432128K, used 390505K [0x0000000089800000, 0x00000000a3e00000, 0x00000000d8800000)
  object space 432128K, 90% used [0x0000000089800000,0x00000000a155a7c0,0x00000000a3e00000)
 Metaspace       used 72496K, capacity 80425K, committed 80640K, reserved 1120256K
  class space    used 8008K, capacity 10431K, committed 10496K, reserved 1048576K
}
Event: 23.590 GC heap before
{Heap before GC invocations=34 (full 5):
 PSYoungGen      total 493568K, used 78195K [0x00000000d8800000, 0x00000000ffe00000, 0x0000000100000000)
  eden space 346624K, 0% used [0x00000000d8800000,0x00000000d8800000,0x00000000eda80000)
  from space 146944K, 53% used [0x00000000eda80000,0x00000000f26dcfb8,0x00000000f6a00000)
  to   space 143872K, 0% used [0x00000000f7180000,0x00000000f7180000,0x00000000ffe00000)
 ParOldGen       total 432128K, used 390505K [0x0000000089800000, 0x00000000a3e00000, 0x00000000d8800000)
  object space 432128K, 90% used [0x0000000089800000,0x00000000a155a7c0,0x00000000a3e00000)
 Metaspace       used 72496K, capacity 80425K, committed 80640K, reserved 1120256K
  class space    used 8008K, capacity 10431K, committed 10496K, reserved 1048576K

Deoptimization events (10 events):
Event: 23.160 Thread 0x00007efe5c011800 Uncommon trap: reason=unstable_if action=reinterpret pc=0x00007efe4d599830 method=java.lang.invoke.MethodHandleImpl.castReference(Ljava/lang/Class;Ljava/lang/Object;)Ljava/lang/Object; @ 1
Event: 23.193 Thread 0x00007efe5c011800 Uncommon trap: reason=unstable_if action=reinterpret pc=0x00007efe4d1f44e8 method=sun.invoke.util.VerifyType.isNullType(Ljava/lang/Class;)Z @ 3
Event: 23.273 Thread 0x00007efe5c011800 Uncommon trap: reason=unstable_if action=reinterpret pc=0x00007efe4c14b77c method=org.objectweb.asm.Frame.a(I)I @ 13
Event: 23.402 Thread 0x00007efe5c011800 Uncommon trap: reason=unstable_if action=reinterpret pc=0x00007efe4c9ec5d0 method=java.lang.invoke.LambdaFormEditor$Transform.inRange(I)Z @ 27
Event: 23.405 Thread 0x00007efe5c011800 Uncommon trap: reason=unstable_if action=reinterpret pc=0x00007efe4d3507b8 method=java.lang.invoke.LambdaFormEditor$Transform.inRange(I)Z @ 27
Event: 23.405 Thread 0x00007efe5c011800 Uncommon trap: reason=unstable_if action=reinterpret pc=0x00007efe4d1f147c method=java.lang.invoke.LambdaFormEditor$Transform.inRange(I)Z @ 27
Event: 23.409 Thread 0x00007efe5c011800 Uncommon trap: reason=unstable_if action=reinterpret pc=0x00007efe4d1e8aac method=java.lang.invoke.BoundMethodHandle$SpeciesData.extendWith(Ljava/lang/invoke/LambdaForm$BasicType;)Ljava/lang/invoke/BoundMethodHandle$SpeciesData; @ 13
Event: 23.409 Thread 0x00007efe5c011800 Uncommon trap: reason=unstable_if action=reinterpret pc=0x00007efe4ce7c9d4 method=jdk.internal.org.objectweb.asm.MethodWriter.visitFrame(Ljdk/internal/org/objectweb/asm/Frame;)V @ 68
Event: 23.413 Thread 0x00007efe5c011800 Uncommon trap: reason=unstable_if action=reinterpret pc=0x00007efe4d7e7d48 method=java.lang.invoke.MemberName.checkForTypeAlias(Ljava/lang/Class;)V @ 4
Event: 23.413 Thread 0x00007efe5c011800 Uncommon trap: reason=unstable_if action=reinterpret pc=0x00007efe4d4dec00 method=java.lang.reflect.Field.set(Ljava/lang/Object;Ljava/lang/Object;)V @ 18

Classes redefined (0 events):
No events

Internal exceptions (10 events):
Event: 21.872 Thread 0x00007efe5c08b000 Exception <a 'java/lang/NullPointerException'> (0x00000000d8eb82a8) thrown at [/usr/local/google/home/ralucas/source/AOSP-openjdk-git/jdk8u/hotspot/src/share/vm/interpreter/linkResolver.cpp, line 1301]
Event: 21.872 Thread 0x00007efe5c08b000 Exception <a 'java/lang/NullPointerException'> (0x00000000d8eb8768) thrown at [/usr/local/google/home/ralucas/source/AOSP-openjdk-git/jdk8u/hotspot/src/share/vm/interpreter/linkResolver.cpp, line 1301]
Event: 22.189 Thread 0x00007efe5c011800 Exception <a 'java/lang/NoClassDefFoundError': android/support/test/runner/MonitoringInstrumentation> (0x00000000ddc67f60) thrown at [/usr/local/google/home/ralucas/source/AOSP-openjdk-git/jdk8u/hotspot/src/share/vm/classfile/systemDictionary.cpp, line 19
Event: 22.539 Thread 0x00007efe5c011800 Exception <a 'java/io/FileNotFoundException'> (0x00000000e6896f38) thrown at [/usr/local/google/home/ralucas/source/AOSP-openjdk-git/jdk8u/hotspot/src/share/vm/prims/jni.cpp, line 709]
Event: 22.539 Thread 0x00007efe5c011800 Exception <a 'java/io/FileNotFoundException'> (0x00000000e6898258) thrown at [/usr/local/google/home/ralucas/source/AOSP-openjdk-git/jdk8u/hotspot/src/share/vm/prims/jni.cpp, line 709]
Event: 22.791 Thread 0x00007efe5c08b000 Exception <a 'java/lang/NullPointerException'> (0x00000000d8ec04e0) thrown at [/usr/local/google/home/ralucas/source/AOSP-openjdk-git/jdk8u/hotspot/src/share/vm/interpreter/linkResolver.cpp, line 1301]
Event: 23.160 Thread 0x00007efe5c011800 Implicit null exception at 0x00007efe4d59976f to 0x00007efe4d59981d
Event: 23.389 Thread 0x00007efe5c011800 Exception <a 'java/lang/NoSuchFieldError': method resolution failed> (0x00000000e9919408) thrown at [/usr/local/google/home/ralucas/source/AOSP-openjdk-git/jdk8u/hotspot/src/share/vm/prims/methodHandles.cpp, line 1167]
Event: 23.401 Thread 0x00007efe5c011800 Exception <a 'java/lang/NoSuchFieldError': method resolution failed> (0x00000000e9fba3c8) thrown at [/usr/local/google/home/ralucas/source/AOSP-openjdk-git/jdk8u/hotspot/src/share/vm/prims/methodHandles.cpp, line 1167]
Event: 23.488 Thread 0x00007efe5c011800 Exception <a 'java/lang/NoSuchFieldError': method resolution failed> (0x00000000ec80a280) thrown at [/usr/local/google/home/ralucas/source/AOSP-openjdk-git/jdk8u/hotspot/src/share/vm/prims/methodHandles.cpp, line 1167]

Events (10 events):
Event: 23.502 loading class org/robolectric/shadows/ShadowStaticLayout done
Event: 23.503 loading class android/text/StaticLayout
Event: 23.503 loading class android/text/StaticLayout done
Event: 23.503 loading class android/text/TextPaint
Event: 23.503 loading class android/text/TextPaint done
Event: 23.503 loading class android/text/Layout
Event: 23.503 loading class android/text/Layout done
Event: 23.504 loading class android/text/StaticLayout$Builder
Event: 23.504 loading class android/text/StaticLayout$Builder done
Event: 23.504 Executing VM operation: ParallelGCFailedAllocation


Dynamic libraries:
00400000-00401000 r-xp 00000000 fd:01 1717436                            /home/devbox/android-studio/jre/bin/java
00600000-00601000 r--p 00000000 fd:01 1717436                            /home/devbox/android-studio/jre/bin/java
00601000-00602000 rw-p 00001000 fd:01 1717436                            /home/devbox/android-studio/jre/bin/java
01dca000-01deb000 rw-p 00000000 00:00 0                                  [heap]
89800000-a3e00000 rw-p 00000000 00:00 0 
afb80000-d8800000 ---p 00000000 00:00 0 
d8800000-ffe00000 rw-p 00000000 00:00 0 
ffe00000-100000000 ---p 00000000 00:00 0 
100000000-100a40000 rw-p 00000000 00:00 0 
100a40000-140000000 ---p 00000000 00:00 0 
7efdec000000-7efdec021000 rw-p 00000000 00:00 0 
7efdec021000-7efdf0000000 ---p 00000000 00:00 0 
7efdf4000000-7efdf4021000 rw-p 00000000 00:00 0 
7efdf4021000-7efdf8000000 ---p 00000000 00:00 0 
7efdf9922000-7efdf99a2000 rw-p 00000000 00:00 0 
7efdf99a2000-7efdf9b22000 ---p 00000000 00:00 0 
7efdf9b22000-7efdf9b25000 ---p 00000000 00:00 0 
7efdf9b25000-7efdf9e23000 rw-p 00000000 00:00 0 
7efdf9e23000-7efdf9e26000 ---p 00000000 00:00 0 
7efdf9e26000-7efdf9f24000 rw-p 00000000 00:00 0 
7efdf9f24000-7efdf9f37000 r-xp 00000000 fd:01 11670107                   /lib/x86_64-linux-gnu/libbsd.so.0.8.7
7efdf9f37000-7efdfa136000 ---p 00013000 fd:01 11670107                   /lib/x86_64-linux-gnu/libbsd.so.0.8.7
7efdfa136000-7efdfa137000 r--p 00012000 fd:01 11670107                   /lib/x86_64-linux-gnu/libbsd.so.0.8.7
7efdfa137000-7efdfa138000 rw-p 00013000 fd:01 11670107                   /lib/x86_64-linux-gnu/libbsd.so.0.8.7
7efdfa138000-7efdfa139000 rw-p 00000000 00:00 0 
7efdfa139000-7efdfa13e000 r-xp 00000000 fd:01 6430394                    /usr/lib/x86_64-linux-gnu/libXdmcp.so.6.0.0
7efdfa13e000-7efdfa33d000 ---p 00005000 fd:01 6430394                    /usr/lib/x86_64-linux-gnu/libXdmcp.so.6.0.0
7efdfa33d000-7efdfa33e000 r--p 00004000 fd:01 6430394                    /usr/lib/x86_64-linux-gnu/libXdmcp.so.6.0.0
7efdfa33e000-7efdfa33f000 rw-p 00005000 fd:01 6430394                    /usr/lib/x86_64-linux-gnu/libXdmcp.so.6.0.0
7efdfa33f000-7efdfa341000 r-xp 00000000 fd:01 6430383                    /usr/lib/x86_64-linux-gnu/libXau.so.6.0.0
7efdfa341000-7efdfa541000 ---p 00002000 fd:01 6430383                    /usr/lib/x86_64-linux-gnu/libXau.so.6.0.0
7efdfa541000-7efdfa542000 r--p 00002000 fd:01 6430383                    /usr/lib/x86_64-linux-gnu/libXau.so.6.0.0
7efdfa542000-7efdfa543000 rw-p 00003000 fd:01 6430383                    /usr/lib/x86_64-linux-gnu/libXau.so.6.0.0
7efdfa543000-7efdfa569000 r-xp 00000000 fd:01 6431587                    /usr/lib/x86_64-linux-gnu/libxcb.so.1.1.0
7efdfa569000-7efdfa769000 ---p 00026000 fd:01 6431587                    /usr/lib/x86_64-linux-gnu/libxcb.so.1.1.0
7efdfa769000-7efdfa76a000 r--p 00026000 fd:01 6431587                    /usr/lib/x86_64-linux-gnu/libxcb.so.1.1.0
7efdfa76a000-7efdfa76b000 rw-p 00027000 fd:01 6431587                    /usr/lib/x86_64-linux-gnu/libxcb.so.1.1.0
7efdfa76b000-7efdfa77a000 r-xp 00000000 fd:01 6430404                    /usr/lib/x86_64-linux-gnu/libXi.so.6.1.0
7efdfa77a000-7efdfa979000 ---p 0000f000 fd:01 6430404                    /usr/lib/x86_64-linux-gnu/libXi.so.6.1.0
7efdfa979000-7efdfa97a000 r--p 0000e000 fd:01 6430404                    /usr/lib/x86_64-linux-gnu/libXi.so.6.1.0
7efdfa97a000-7efdfa97b000 rw-p 0000f000 fd:01 6430404                    /usr/lib/x86_64-linux-gnu/libXi.so.6.1.0
7efdfa97b000-7efdfa980000 r-xp 00000000 fd:01 6430422                    /usr/lib/x86_64-linux-gnu/libXtst.so.6.1.0
7efdfa980000-7efdfab7f000 ---p 00005000 fd:01 6430422                    /usr/lib/x86_64-linux-gnu/libXtst.so.6.1.0
7efdfab7f000-7efdfab80000 r--p 00004000 fd:01 6430422                    /usr/lib/x86_64-linux-gnu/libXtst.so.6.1.0
7efdfab80000-7efdfab81000 rw-p 00005000 fd:01 6430422                    /usr/lib/x86_64-linux-gnu/libXtst.so.6.1.0
7efdfab81000-7efdfab8a000 r-xp 00000000 fd:01 6430416                    /usr/lib/x86_64-linux-gnu/libXrender.so.1.3.0
7efdfab8a000-7efdfad89000 ---p 00009000 fd:01 6430416                    /usr/lib/x86_64-linux-gnu/libXrender.so.1.3.0
7efdfad89000-7efdfad8a000 r--p 00008000 fd:01 6430416                    /usr/lib/x86_64-linux-gnu/libXrender.so.1.3.0
7efdfad8a000-7efdfad8b000 rw-p 00009000 fd:01 6430416                    /usr/lib/x86_64-linux-gnu/libXrender.so.1.3.0
7efdfad8b000-7efdfaebf000 r-xp 00000000 fd:01 6430379                    /usr/lib/x86_64-linux-gnu/libX11.so.6.3.0
7efdfaebf000-7efdfb0bf000 ---p 00134000 fd:01 6430379                    /usr/lib/x86_64-linux-gnu/libX11.so.6.3.0
7efdfb0bf000-7efdfb0c0000 r--p 00134000 fd:01 6430379                    /usr/lib/x86_64-linux-gnu/libX11.so.6.3.0
7efdfb0c0000-7efdfb0c4000 rw-p 00135000 fd:01 6430379                    /usr/lib/x86_64-linux-gnu/libX11.so.6.3.0
7efdfb0c4000-7efdfb0d5000 r-xp 00000000 fd:01 6430396                    /usr/lib/x86_64-linux-gnu/libXext.so.6.4.0
7efdfb0d5000-7efdfb2d4000 ---p 00011000 fd:01 6430396                    /usr/lib/x86_64-linux-gnu/libXext.so.6.4.0
7efdfb2d4000-7efdfb2d5000 r--p 00010000 fd:01 6430396                    /usr/lib/x86_64-linux-gnu/libXext.so.6.4.0
7efdfb2d5000-7efdfb2d6000 rw-p 00011000 fd:01 6430396                    /usr/lib/x86_64-linux-gnu/libXext.so.6.4.0
7efdfb2d6000-7efdfb32a000 r-xp 00000000 fd:01 1717522                    /home/devbox/android-studio/jre/jre/lib/amd64/libawt_xawt.so
7efdfb32a000-7efdfb52a000 ---p 00054000 fd:01 1717522                    /home/devbox/android-studio/jre/jre/lib/amd64/libawt_xawt.so
7efdfb52a000-7efdfb52b000 r--p 00054000 fd:01 1717522                    /home/devbox/android-studio/jre/jre/lib/amd64/libawt_xawt.so
7efdfb52b000-7efdfb52e000 rw-p 00055000 fd:01 1717522                    /home/devbox/android-studio/jre/jre/lib/amd64/libawt_xawt.so
7efdfb52e000-7efdfb52f000 rw-p 00000000 00:00 0 
7efdfb52f000-7efdfb5d0000 r-xp 00000000 fd:01 1717525                    /home/devbox/android-studio/jre/jre/lib/amd64/libawt.so
7efdfb5d0000-7efdfb7cf000 ---p 000a1000 fd:01 1717525                    /home/devbox/android-studio/jre/jre/lib/amd64/libawt.so
7efdfb7cf000-7efdfb7d0000 r--p 000a0000 fd:01 1717525                    /home/devbox/android-studio/jre/jre/lib/amd64/libawt.so
7efdfb7d0000-7efdfb7db000 rw-p 000a1000 fd:01 1717525                    /home/devbox/android-studio/jre/jre/lib/amd64/libawt.so
7efdfb7db000-7efdfba00000 rw-p 00000000 00:00 0 
7efdfba00000-7efdfbc00000 rw-p 00000000 00:00 0 
7efdfbc00000-7efdfbe00000 rw-p 00000000 00:00 0 
7efdfbe00000-7efdfc000000 rw-p 00000000 00:00 0 
7efdfc000000-7efdfc021000 rw-p 00000000 00:00 0 
7efdfc021000-7efe00000000 ---p 00000000 00:00 0 
7efe00000000-7efe00021000 rw-p 00000000 00:00 0 
7efe00021000-7efe04000000 ---p 00000000 00:00 0 
7efe04000000-7efe04032000 rw-p 00000000 00:00 0 
7efe04032000-7efe08000000 ---p 00000000 00:00 0 
7efe08000000-7efe08021000 rw-p 00000000 00:00 0 
7efe08021000-7efe0c000000 ---p 00000000 00:00 0 
7efe0c000000-7efe0c021000 rw-p 00000000 00:00 0 
7efe0c021000-7efe10000000 ---p 00000000 00:00 0 
7efe10000000-7efe10021000 rw-p 00000000 00:00 0 
7efe10021000-7efe14000000 ---p 00000000 00:00 0 
7efe14000000-7efe15c63000 rw-p 00000000 00:00 0 
7efe15c63000-7efe18000000 ---p 00000000 00:00 0 
7efe18000000-7efe18dbd000 rw-p 00000000 00:00 0 
7efe18dbd000-7efe1c000000 ---p 00000000 00:00 0 
7efe1c000000-7efe1c021000 rw-p 00000000 00:00 0 
7efe1c021000-7efe20000000 ---p 00000000 00:00 0 
7efe20000000-7efe214ff000 rw-p 00000000 00:00 0 
7efe214ff000-7efe24000000 ---p 00000000 00:00 0 
7efe24000000-7efe24021000 rw-p 00000000 00:00 0 
7efe24021000-7efe28000000 ---p 00000000 00:00 0 
7efe28000000-7efe28021000 rw-p 00000000 00:00 0 
7efe28021000-7efe2c000000 ---p 00000000 00:00 0 
7efe2c000000-7efe2c035000 rw-p 00000000 00:00 0 
7efe2c035000-7efe30000000 ---p 00000000 00:00 0 
7efe30000000-7efe302da000 rw-p 00000000 00:00 0 
7efe302da000-7efe34000000 ---p 00000000 00:00 0 
7efe34000000-7efe3403c000 rw-p 00000000 00:00 0 
7efe3403c000-7efe38000000 ---p 00000000 00:00 0 
7efe380a0000-7efe382a0000 rw-p 00000000 00:00 0 
7efe382a0000-7efe384a0000 rw-p 00000000 00:00 0 
7efe384a0000-7efe386a0000 rw-p 00000000 00:00 0 
7efe386a0000-7efe388a0000 rw-p 00000000 00:00 0 
7efe388a0000-7efe38aa0000 rw-p 00000000 00:00 0 
7efe38aa0000-7efe38ca0000 rw-p 00000000 00:00 0 
7efe38ca0000-7efe38ea0000 rw-p 00000000 00:00 0 
7efe38ea0000-7efe390a0000 rw-p 00000000 00:00 0 
7efe390a0000-7efe392a0000 rw-p 00000000 00:00 0 
7efe392a0000-7efe394a0000 rw-p 00000000 00:00 0 
7efe394a0000-7efe396a0000 rw-p 00000000 00:00 0 
7efe396a0000-7efe398a0000 rw-p 00000000 00:00 0 
7efe398a0000-7efe39aa0000 rw-p 00000000 00:00 0 
7efe39aa0000-7efe39ca0000 rw-p 00000000 00:00 0 
7efe39ca0000-7efe39ea0000 rw-p 00000000 00:00 0 
7efe39ea0000-7efe3a0a0000 rw-p 00000000 00:00 0 
7efe3a0a0000-7efe3a0b7000 r-xp 00000000 fd:01 11670148                   /lib/x86_64-linux-gnu/libgcc_s.so.1
7efe3a0b7000-7efe3a2b6000 ---p 00017000 fd:01 11670148                   /lib/x86_64-linux-gnu/libgcc_s.so.1
7efe3a2b6000-7efe3a2b7000 r--p 00016000 fd:01 11670148                   /lib/x86_64-linux-gnu/libgcc_s.so.1
7efe3a2b7000-7efe3a2b8000 rw-p 00017000 fd:01 11670148                   /lib/x86_64-linux-gnu/libgcc_s.so.1
7efe3a2b8000-7efe3a2ee000 r-xp 00000000 fd:01 1717528                    /home/devbox/android-studio/jre/jre/lib/amd64/libsunec.so
7efe3a2ee000-7efe3a4ed000 ---p 00036000 fd:01 1717528                    /home/devbox/android-studio/jre/jre/lib/amd64/libsunec.so
7efe3a4ed000-7efe3a4f2000 r--p 00035000 fd:01 1717528                    /home/devbox/android-studio/jre/jre/lib/amd64/libsunec.so
7efe3a4f2000-7efe3a4f4000 rw-p 0003a000 fd:01 1717528                    /home/devbox/android-studio/jre/jre/lib/amd64/libsunec.so
7efe3a4f4000-7efe3a705000 rw-p 00000000 00:00 0 
7efe3a705000-7efe3a716000 r-xp 00000000 fd:01 1717548                    /home/devbox/android-studio/jre/jre/lib/amd64/libnio.so
7efe3a716000-7efe3a915000 ---p 00011000 fd:01 1717548                    /home/devbox/android-studio/jre/jre/lib/amd64/libnio.so
7efe3a915000-7efe3a916000 r--p 00010000 fd:01 1717548                    /home/devbox/android-studio/jre/jre/lib/amd64/libnio.so
7efe3a916000-7efe3a917000 rw-p 00011000 fd:01 1717548                    /home/devbox/android-studio/jre/jre/lib/amd64/libnio.so
7efe3a917000-7efe3ab17000 rw-p 00000000 00:00 0 
7efe3ab17000-7efe3aefd000 r--s 0591c000 fd:01 5119257                    /home/devbox/.m2/repository/org/robolectric/android-all/8.1.0-robolectric-4611349/android-all-8.1.0-robolectric-4611349.jar
7efe3aefd000-7efe3b0fd000 rw-p 00000000 00:00 0 
7efe3b0fd000-7efe3b100000 ---p 00000000 00:00 0 
7efe3b100000-7efe3b1fe000 rw-p 00000000 00:00 0 
7efe3b1fe000-7efe3b201000 ---p 00000000 00:00 0 
7efe3b201000-7efe3b2ff000 rw-p 00000000 00:00 0 
7efe3b2ff000-7efe3b302000 ---p 00000000 00:00 0 
7efe3b302000-7efe3b600000 rw-p 00000000 00:00 0 
7efe3b600000-7efe3b800000 rw-p 00000000 00:00 0 
7efe3b800000-7efe3ba00000 rw-p 00000000 00:00 0 
7efe3ba00000-7efe3bc00000 rw-p 00000000 00:00 0 
7efe3bc00000-7efe3be00000 rw-p 00000000 00:00 0 
7efe3be00000-7efe3c000000 rw-p 00000000 00:00 0 
7efe3c000000-7efe3c036000 rw-p 00000000 00:00 0 
7efe3c036000-7efe40000000 ---p 00000000 00:00 0 
7efe40013000-7efe4002e000 r--s 00394000 fd:01 1717506                    /home/devbox/android-studio/jre/jre/lib/ext/cldrdata.jar
7efe4002e000-7efe40038000 r--s 00116000 fd:01 1717504                    /home/devbox/android-studio/jre/jre/lib/ext/localedata.jar
7efe40038000-7efe4003d000 r--s 0003b000 fd:01 1717503                    /home/devbox/android-studio/jre/jre/lib/ext/sunjce_provider.jar
7efe4003d000-7efe4003f000 r--s 00008000 fd:01 1717499                    /home/devbox/android-studio/jre/jre/lib/ext/sunec.jar
7efe4003f000-7efe40042000 r--s 00015000 fd:01 1717558                    /home/devbox/android-studio/jre/jre/lib/jce.jar
7efe40042000-7efe40047000 r--s 0009a000 fd:01 1717569                    /home/devbox/android-studio/jre/jre/lib/jsse.jar
7efe40047000-7efe40059000 r--s 00345000 fd:01 1717551                    /home/devbox/android-studio/jre/jre/lib/resources.jar
7efe40059000-7efe40096000 r--s 00276000 fd:01 4201678                    /home/devbox/AndroidStudioProjects/bluebotcontroller/app/build/generated/mockable-android-27.v3.jar
7efe40096000-7efe40098000 r--s 00008000 fd:01 263298                     /home/devbox/.gradle/caches/modules-2/files-2.1/classworlds/classworlds/1.1-alpha-2/5adf2e681c57d7f48038b602f3ca2254ee82d47/classworlds-1.1-alpha-2.jar
7efe40098000-7efe40099000 r--s 00001000 fd:01 263288                     /home/devbox/.gradle/caches/modules-2/files-2.1/xmlpull/xmlpull/1.1.3.1/2b8e230d2ab644e4ecaa94db7cdedbc40c805dfa/xmlpull-1.1.3.1.jar
7efe40099000-7efe4009c000 r--s 00011000 fd:01 263299                     /home/devbox/.gradle/caches/modules-2/files-2.1/org.apache.maven/maven-artifact/2.2.1/23600f790d4dab2cb965419eaa982e3e84c428f8/maven-artifact-2.2.1.jar
7efe4009c000-7efe4009d000 r--s 00002000 fd:01 262452                     /home/devbox/.gradle/caches/modules-2/files-2.1/android.arch.core/common/1.1.0/8007981f7d7540d89cd18471b8e5dcd2b4f99167/common-1.1.0.jar
7efe4009d000-7efe400a1000 r--s 00034000 fd:01 263307                     /home/devbox/.gradle/caches/modules-2/files-2.1/org.codehaus.plexus/plexus-utils/1.5.15/c689598ce1eb94c304817877ed15911099972526/plexus-utils-1.5.15.jar
7efe400a1000-7efe400a3000 r--s 0000b000 fd:01 263306                     /home/devbox/.gradle/caches/modules-2/files-2.1/org.codehaus.plexus/plexus-interpolation/1.11/ad9dddff6043194904ad1d2c00ff1d003c3915f7/plexus-interpolation-1.11.jar
7efe400a3000-7efe400a4000 r--s 00002000 fd:01 263271                     /home/devbox/.gradle/caches/modules-2/files-2.1/org.robolectric/junit/3.8/5e5f6e601446330afa7acb04ffe80ef081e6f618/junit-3.8.jar
7efe400a4000-7efe400a5000 r--s 0000c000 fd:01 262487                     /home/devbox/.gradle/caches/modules-2/files-2.1/org.hamcrest/hamcrest-library/1.3/4785a3c21320980282f9f33d0d1264a69040538f/hamcrest-library-1.3.jar
7efe400a5000-7efe400a6000 r--s 00002000 fd:01 6688295                    /home/devbox/.gradle/caches/transforms-1/files-1.1/livedata-core-1.1.0.aar/cab2b14f008adf540580ec6beadef739/jars/classes.jar
7efe400a6000-7efe400ab000 r--s 00022000 fd:01 263269                     /home/devbox/.gradle/caches/modules-2/files-2.1/com.google.android.apps.common.testing.accessibility.framework/accessibility-test-framework/2.1/c2d6267c3ad0435ddf9e27a94a0e0af4ca3fdfbb/accessibility-test-framework-2.1.jar
7efe400ab000-7efe400ae000 r--s 00025000 fd:01 263272                     /home/devbox/.gradle/caches/modules-2/files-2.1/org.robolectric/resources/3.8/1b1f2d3a0fdc1381a8d19a801241f5e271adcc58/resources-3.8.jar
7efe400ae000-7efe400df000 r--s 00200000 fd:01 262893                     /home/devbox/.gradle/caches/modules-2/files-2.1/io.reactivex.rxjava2/rxjava/2.1.14/20dbf7496e417da474eda12717bf4653dbbd5a6b/rxjava-2.1.14.jar
7efe400df000-7efe400e1000 r--s 00009000 fd:01 262489                     /home/devbox/.gradle/caches/modules-2/files-2.1/org.hamcrest/hamcrest-core/1.3/42a25dc3219429f0e5d060061f71acb49bf010a0/hamcrest-core-1.3.jar
7efe400e1000-7efe400e9000 r--s 00045000 fd:01 262482                     /home/devbox/.gradle/caches/modules-2/files-2.1/junit/junit/4.12/2973d150c0dc1fefe998f834810d68f278ea58ec/junit-4.12.jar
7efe400e9000-7efe400eb000 r--s 00001000 fd:01 10618533                   /home/devbox/.gradle/caches/transforms-1/files-1.1/rxandroid-2.0.2.aar/00909dc14b657aaec445a60800a34d29/jars/classes.jar
7efe400eb000-7efe400ed000 r--s 00005000 fd:01 263303                     /home/devbox/.gradle/caches/modules-2/files-2.1/org.apache.maven/maven-repository-metadata/2.2.1/98f0c07fcf1eeb213bef8d9316a9935184084b06/maven-repository-metadata-2.2.1.jar
7efe400ed000-7efe400f3000 r--s 00045000 fd:01 262952                     /home/devbox/.gradle/caches/modules-2/files-2.1/org.hamcrest/hamcrest-all/1.3/63a21ebc981131004ad02e0434e799fd7f3a8d5a/hamcrest-all-1.3.jar
7efe400f3000-7efe400f5000 r--s 00014000 fd:01 263300                     /home/devbox/.gradle/caches/modules-2/files-2.1/org.apache.maven/maven-model/2.2.1/c0a1c17436ec3ff5a56207c031d82277b4250a29/maven-model-2.2.1.jar
7efe400f5000-7efe400f7000 r--s 00008000 fd:01 263311                     /home/devbox/.gradle/caches/modules-2/files-2.1/nekohtml/xercesMinimal/1.9.6.2/d1c5e063683a0e6f77cd5f051a9d4af48346fa6/xercesMinimal-1.9.6.2.jar
7efe400f7000-7efe400fa000 r--s 00019000 fd:01 263310                     /home/devbox/.gradle/caches/modules-2/files-2.1/nekohtml/nekohtml/1.9.6.2/2d960be7b62ae6622dbbbe49ab4ffdc609f85c80/nekohtml-1.9.6.2.jar
7efe400fa000-7efe400fc000 r--s 00007000 fd:01 263295                     /home/devbox/.gradle/caches/modules-2/files-2.1/org.apache.maven/maven-profile/2.2.1/3950071587027e5086e9c395574a60650c432738/maven-profile-2.2.1.jar
7efe400fc000-7efe400fe000 r--s 00009000 fd:01 263283                     /home/devbox/.gradle/caches/modules-2/files-2.1/org.ow2.asm/asm-commons/5.0.1/7b7147a390a93a14d2edfdcf3f7b0e87a0939c3e/asm-commons-5.0.1.jar
7efe400fe000-7efe400ff000 r--s 00002000 fd:01 263290                     /home/devbox/.gradle/caches/modules-2/files-2.1/org.apache.ant/ant-launcher/1.8.0/8b53ba16fa62fb1034da8f1de200ddc407c8381/ant-launcher-1.8.0.jar
7efe400ff000-7efe40102000 r--s 00017000 fd:01 3546440                    /home/devbox/.gradle/caches/transforms-1/files-1.1/support-core-utils-27.1.1.aar/724e1753b0d23e2da1b08f0af725f812/jars/classes.jar
7efe40102000-7efe40104000 r--s 00005000 fd:01 263304                     /home/devbox/.gradle/caches/modules-2/files-2.1/org.apache.maven.wagon/wagon-http-shared/1.0-beta-6/ccd70d7e0d8c085e648a83f072da06ca9a53be94/wagon-http-shared-1.0-beta-6.jar
7efe40104000-7efe40105000 r--s 00007000 fd:01 3805937                    /home/devbox/.gradle/caches/transforms-1/files-1.1/support-vector-drawable-27.1.1.aar/19af79da390a5fab4e76e052f05338f9/jars/classes.jar
7efe40105000-7efe40106000 r--s 00000000 fd:01 262851                     /home/devbox/.gradle/caches/modules-2/files-2.1/org.reactivestreams/reactive-streams/1.0.2/323964c36556eb0e6209f65c1cef72b53b461ab8/reactive-streams-1.0.2.jar
7efe40106000-7efe4010e000 r--s 0008a000 fd:01 263308                     /home/devbox/.gradle/caches/modules-2/files-2.1/com.google.protobuf/protobuf-java/2.6.1/d9521f2aecb909835746b7a5facf612af5e890e8/protobuf-java-2.6.1.jar
7efe4010e000-7efe40165000 r--s 008ec000 fd:01 263287                     /home/devbox/.gradle/caches/modules-2/files-2.1/com.ibm.icu/icu4j/53.1/786d9055d4ca8c1aab4a7d4ac8283f973fd7e41f/icu4j-53.1.jar
7efe40165000-7efe40167000 r--s 00009000 fd:01 262954                     /home/devbox/.gradle/caches/modules-2/files-2.1/org.objenesis/objenesis/2.1/87c0ea803b69252868d09308b4618f766f135a96/objenesis-2.1.jar
7efe40167000-7efe40168000 r--s 00001000 fd:01 6823287                    /home/devbox/.gradle/caches/transforms-1/files-1.1/viewmodel-1.1.0.aar/3209fb96301cf5e35d5575ec54c97cf9/jars/classes.jar
7efe40168000-7efe40181000 r--s 00129000 fd:01 263276                     /home/devbox/.gradle/caches/modules-2/files-2.1/org.apache.maven/maven-ant-tasks/2.1.3/b09be554228d66d208e5fef5266844aacf443abc/maven-ant-tasks-2.1.3.jar
7efe40181000-7efe40182000 r--s 00003000 fd:01 263361                     /home/devbox/.gradle/caches/modules-2/files-2.1/org.powermock/powermock-module-junit4-common/1.6.4/b0b578da443794ceb8224bd5f5f852aaf40f1b81/powermock-module-junit4-common-1.6.4.jar
7efe40182000-7efe4018e000 r--s 00080000 fd:01 5380249                    /home/devbox/.gradle/caches/transforms-1/files-1.1/support-compat-27.1.1.aar/54b576127ec0e042ce908ce19a1b3329/jars/classes.jar
7efe4018e000-7efe4018f000 r--s 00008000 fd:01 2889645                    /home/devbox/.gradle/caches/transforms-1/files-1.1/animated-vector-drawable-27.1.1.aar/2143d1d20c71e4f7478a20926f0bb539/jars/classes.jar
7efe4018f000-7efe401ab000 r--s 00103000 fd:01 263086                     /home/devbox/.gradle/caches/modules-2/files-2.1/org.mockito/mockito-core/1.10.19/e8546f5bef4e061d8dd73895b4e8f40e3fe6effe/mockito-core-1.10.19.jar
7efe401ab000-7efe401ad000 r--s 00006000 fd:01 263284                     /home/devbox/.gradle/caches/modules-2/files-2.1/org.ow2.asm/asm-tree/5.0.1/1b1e6e9d869acd704056d0a4223071a511c619e6/asm-tree-5.0.1.jar
7efe401ad000-7efe401af000 r--s 00005000 fd:01 262445                     /home/devbox/.gradle/caches/modules-2/files-2.1/com.android.support/support-annotations/27.1.1/39ded76b5e1ce1c5b2688e1d25cdc20ecee32007/support-annotations-27.1.1.jar
7efe401af000-7efe401b1000 r--s 00006000 fd:01 263296                     /home/devbox/.gradle/caches/modules-2/files-2.1/org.apache.maven/maven-plugin-registry/2.2.1/72a24b7775649af78f3986b5aa7eb354b9674cfd/maven-plugin-registry-2.2.1.jar
7efe401b1000-7efe401b4000 r--s 00016000 fd:01 263270                     /home/devbox/.gradle/caches/modules-2/files-2.1/org.robolectric/robolectric/3.8/a9d7b74a972fb89d056d24a40b12a63feded7e4/robolectric-3.8.jar
7efe401b4000-7efe401b5000 r--s 0000c000 fd:01 263285                     /home/devbox/.gradle/caches/modules-2/files-2.1/org.ow2.asm/asm/5.0.1/2fd56467a018aafe6ec6a73ccba520be4a7e1565/asm-5.0.1.jar
7efe401b5000-7efe401b6000 r--s 00003000 fd:01 263275                     /home/devbox/.gradle/caches/modules-2/files-2.1/org.robolectric/annotations/3.8/22b6388f900ddcf4f1bbfd3c93dadc2b77184633/annotations-3.8.jar
7efe401b6000-7efe401c3000 r--s 00077000 fd:01 263279                     /home/devbox/.gradle/caches/modules-2/files-2.1/com.thoughtworks.xstream/xstream/1.4.8/520d90f30f36a0d6ba2dc929d980831631ad6a92/xstream-1.4.8.jar
7efe401c3000-7efe40203000 r--s 00285000 fd:01 263278                     /home/devbox/.gradle/caches/modules-2/files-2.1/org.bouncycastle/bcprov-jdk15on/1.52/88a941faf9819d371e3174b5ed56a3f3f7d73269/bcprov-jdk15on-1.52.jar
7efe40203000-7efe4020a000 r--s 00029000 fd:01 263297                     /home/devbox/.gradle/caches/modules-2/files-2.1/org.codehaus.plexus/plexus-container-default/1.0-alpha-9-stable-1/94aea3010e250a334d9dab7f591114cd6c767458/plexus-container-default-1.0-alpha-9-stable-1.jar
7efe4020a000-7efe4020b000 r--s 00002000 fd:01 7082550                    /home/devbox/.gradle/caches/transforms-1/files-1.1/runtime-1.1.0.aar/bcb16120898946c0202a1a0318e12c4e/jars/classes.jar
7efe4020b000-7efe4020d000 r--s 00003000 fd:01 263281                     /home/devbox/.gradle/caches/modules-2/files-2.1/org.robolectric/shadowapi/3.8/d638f001e81ef737bb35db2964312360cc996a94/shadowapi-3.8.jar
7efe4020d000-7efe4020f000 r--s 00017000 fd:01 263273                     /home/devbox/.gradle/caches/modules-2/files-2.1/org.robolectric/sandbox/3.8/e3eecf2fd24866cf73c6aaa5880a6cbec2570b0a/sandbox-3.8.jar
7efe4020f000-7efe40210000 r--s 0000b000 fd:01 263294                     /home/devbox/.gradle/caches/modules-2/files-2.1/org.apache.maven/maven-settings/2.2.1/2236ffe71fa5f78ce42b0f5fc22c54ed45f14294/maven-settings-2.2.1.jar
7efe40210000-7efe40212000 r--s 0000f000 fd:01 263292                     /home/devbox/.gradle/caches/modules-2/files-2.1/org.apache.maven/maven-artifact-manager/2.2.1/ec355b913c34d37080810f98e3f51abecbe1572b/maven-artifact-manager-2.2.1.jar
7efe40212000-7efe40214000 r--s 0000a000 fd:01 263360                     /home/devbox/.gradle/caches/modules-2/files-2.1/org.powermock/powermock-module-junit4/1.6.4/8692eb1d9bb8eb1310ffe8a20c2da7ee6d1b5994/powermock-module-junit4-1.6.4.jar
7efe40214000-7efe40223000 r--s 002b7000 fd:01 263277                     /home/devbox/.gradle/caches/modules-2/files-2.1/org.robolectric/shadows-framework/3.8/c64e0a9b3cda8deb2293231b1fd46acdd69e84f4/shadows-framework-3.8.jar
7efe40223000-7efe40226000 r--s 0001d000 fd:01 263286                     /home/devbox/.gradle/caches/modules-2/files-2.1/com.almworks.sqlite4java/sqlite4java/0.282/745a7e2f35fdbe6336922e0d492c979dbbfa74fb/sqlite4java-0.282.jar
7efe40226000-7efe40230000 r--s 000ae000 fd:01 263087                     /home/devbox/.gradle/caches/modules-2/files-2.1/org.javassist/javassist/3.20.0-GA/a9cbcdfb7e9f86fbc74d3afae65f2248bfbf82a0/javassist-3.20.0-GA.jar
7efe40230000-7efe40233000 r--s 00017000 fd:01 263363                     /home/devbox/.gradle/caches/modules-2/files-2.1/org.powermock/powermock-core/1.6.4/85fb32e9ccba748d569fc36aef92e0b9e7f40b87/powermock-core-1.6.4.jar
7efe40233000-7efe4023e000 r--s 000a0000 fd:01 7876675                    /home/devbox/.gradle/caches/transforms-1/files-1.1/appcompat-v7-27.1.1.aar/aab1869c9486dc1d2ed2063001cbfa87/jars/classes.jar
7efe4023e000-7efe4026d000 r--s 00226000 fd:01 263282                     /home/devbox/.gradle/caches/modules-2/files-2.1/com.google.guava/guava/20.0/89507701249388e1ed5ddcf8c41f4ce1be7831ef/guava-20.0.jar
7efe4026d000-7efe40271000 r--s 00029000 fd:01 2627775                    /home/devbox/.gradle/caches/transforms-1/files-1.1/support-fragment-27.1.1.aar/585579bbd30303a5fa1b854546429e6e/jars/classes.jar
7efe40271000-7efe40273000 r--s 00006000 fd:01 263274                     /home/devbox/.gradle/caches/modules-2/files-2.1/org.robolectric/utils/3.8/d6b553afcb6966d1dff4eb338684d85554674e25/utils-3.8.jar
7efe40273000-7efe40277000 r--s 00015000 fd:01 263362                     /home/devbox/.gradle/caches/modules-2/files-2.1/org.powermock/powermock-api-mockito/1.6.4/fe12509b7e9e49d25131f4155145748a31e42e40/powermock-api-mockito-1.6.4.jar
7efe40277000-7efe402a8000 rw-p 00000000 00:00 0 
7efe402a8000-7efe402be000 r-xp 00000000 fd:01 1717527                    /home/devbox/android-studio/jre/jre/lib/amd64/libnet.so
7efe402be000-7efe404be000 ---p 00016000 fd:01 1717527                    /home/devbox/android-studio/jre/jre/lib/amd64/libnet.so
7efe404be000-7efe404bf000 r--p 00016000 fd:01 1717527                    /home/devbox/android-studio/jre/jre/lib/amd64/libnet.so
7efe404bf000-7efe404c0000 rw-p 00017000 fd:01 1717527                    /home/devbox/android-studio/jre/jre/lib/amd64/libnet.so
7efe404c0000-7efe44000000 rw-p 00000000 00:00 0 
7efe44000000-7efe44052000 rw-p 00000000 00:00 0 
7efe44052000-7efe48000000 ---p 00000000 00:00 0 
7efe48000000-7efe48002000 r--s 00005000 fd:01 263289                     /home/devbox/.gradle/caches/modules-2/files-2.1/xpp3/xpp3_min/1.1.4c/19d4e90b43059058f6e056f794f0ea4030d60b86/xpp3_min-1.1.4c.jar
7efe48002000-7efe48005000 ---p 00000000 00:00 0 
7efe48005000-7efe48103000 rw-p 00000000 00:00 0 
7efe48103000-7efe48104000 ---p 00000000 00:00 0 
7efe48104000-7efe48204000 rw-p 00000000 00:00 0 
7efe48204000-7efe48207000 ---p 00000000 00:00 0 
7efe48207000-7efe48305000 rw-p 00000000 00:00 0 
7efe48305000-7efe48306000 ---p 00000000 00:00 0 
7efe48306000-7efe48309000 ---p 00000000 00:00 0 
7efe48309000-7efe48406000 rw-p 00000000 00:00 0 
7efe48406000-7efe48407000 ---p 00000000 00:00 0 
7efe48407000-7efe4840a000 ---p 00000000 00:00 0 
7efe4840a000-7efe48507000 rw-p 00000000 00:00 0 
7efe48507000-7efe48508000 ---p 00000000 00:00 0 
7efe48508000-7efe4850b000 ---p 00000000 00:00 0 
7efe4850b000-7efe48608000 rw-p 00000000 00:00 0 
7efe48608000-7efe4860b000 ---p 00000000 00:00 0 
7efe4860b000-7efe48709000 rw-p 00000000 00:00 0 
7efe48709000-7efe490d8000 r--p 00000000 fd:01 6429303                    /usr/lib/locale/locale-archive
7efe490d8000-7efe490db000 ---p 00000000 00:00 0 
7efe490db000-7efe491d9000 rw-p 00000000 00:00 0 
7efe491d9000-7efe491dc000 ---p 00000000 00:00 0 
7efe491dc000-7efe492da000 rw-p 00000000 00:00 0 
7efe492da000-7efe492db000 ---p 00000000 00:00 0 
7efe492db000-7efe4a36e000 rw-p 00000000 00:00 0 
7efe4a36e000-7efe4a53e000 r--s 03c46000 fd:01 1717564                    /home/devbox/android-studio/jre/jre/lib/rt.jar
7efe4a53e000-7efe4b168000 rw-p 00000000 00:00 0 
7efe4b168000-7efe4b169000 ---p 00000000 00:00 0 
7efe4b169000-7efe4b269000 rw-p 00000000 00:00 0 
7efe4b269000-7efe4b26a000 ---p 00000000 00:00 0 
7efe4b26a000-7efe4b36a000 rw-p 00000000 00:00 0 
7efe4b36a000-7efe4b36b000 ---p 00000000 00:00 0 
7efe4b36b000-7efe4b46b000 rw-p 00000000 00:00 0 
7efe4b46b000-7efe4b46c000 ---p 00000000 00:00 0 
7efe4b46c000-7efe4b63f000 rw-p 00000000 00:00 0 
7efe4b63f000-7efe4b7e4000 ---p 00000000 00:00 0 
7efe4b7e4000-7efe4b8b7000 rw-p 00000000 00:00 0 
7efe4b8b7000-7efe4ba5c000 ---p 00000000 00:00 0 
7efe4ba5c000-7efe4bb97000 rw-p 00000000 00:00 0 
7efe4bb97000-7efe4bb98000 ---p 00000000 00:00 0 
7efe4bb98000-7efe4bbff000 rw-p 00000000 00:00 0 
7efe4bbff000-7efe4bf59000 ---p 00000000 00:00 0 
7efe4bf59000-7efe4d8a9000 rwxp 00000000 00:00 0 
7efe4d8a9000-7efe5af59000 ---p 00000000 00:00 0 
7efe5af59000-7efe5af73000 r-xp 00000000 fd:01 1717523                    /home/devbox/android-studio/jre/jre/lib/amd64/libzip.so
7efe5af73000-7efe5b173000 ---p 0001a000 fd:01 1717523                    /home/devbox/android-studio/jre/jre/lib/amd64/libzip.so
7efe5b173000-7efe5b174000 r--p 0001a000 fd:01 1717523                    /home/devbox/android-studio/jre/jre/lib/amd64/libzip.so
7efe5b174000-7efe5b175000 rw-p 0001b000 fd:01 1717523                    /home/devbox/android-studio/jre/jre/lib/amd64/libzip.so
7efe5b175000-7efe5b180000 r-xp 00000000 fd:01 11670201                   /lib/x86_64-linux-gnu/libnss_files-2.27.so
7efe5b180000-7efe5b37f000 ---p 0000b000 fd:01 11670201                   /lib/x86_64-linux-gnu/libnss_files-2.27.so
7efe5b37f000-7efe5b380000 r--p 0000a000 fd:01 11670201                   /lib/x86_64-linux-gnu/libnss_files-2.27.so
7efe5b380000-7efe5b381000 rw-p 0000b000 fd:01 11670201                   /lib/x86_64-linux-gnu/libnss_files-2.27.so
7efe5b381000-7efe5b387000 rw-p 00000000 00:00 0 
7efe5b387000-7efe5b39e000 r-xp 00000000 fd:01 11670195                   /lib/x86_64-linux-gnu/libnsl-2.27.so
7efe5b39e000-7efe5b59d000 ---p 00017000 fd:01 11670195                   /lib/x86_64-linux-gnu/libnsl-2.27.so
7efe5b59d000-7efe5b59e000 r--p 00016000 fd:01 11670195                   /lib/x86_64-linux-gnu/libnsl-2.27.so
7efe5b59e000-7efe5b59f000 rw-p 00017000 fd:01 11670195                   /lib/x86_64-linux-gnu/libnsl-2.27.so
7efe5b59f000-7efe5b5a1000 rw-p 00000000 00:00 0 
7efe5b5a1000-7efe5b5ac000 r-xp 00000000 fd:01 11670212                   /lib/x86_64-linux-gnu/libnss_nis-2.27.so
7efe5b5ac000-7efe5b7ab000 ---p 0000b000 fd:01 11670212                   /lib/x86_64-linux-gnu/libnss_nis-2.27.so
7efe5b7ab000-7efe5b7ac000 r--p 0000a000 fd:01 11670212                   /lib/x86_64-linux-gnu/libnss_nis-2.27.so
7efe5b7ac000-7efe5b7ad000 rw-p 0000b000 fd:01 11670212                   /lib/x86_64-linux-gnu/libnss_nis-2.27.so
7efe5b7ad000-7efe5b7b5000 r-xp 00000000 fd:01 11670197                   /lib/x86_64-linux-gnu/libnss_compat-2.27.so
7efe5b7b5000-7efe5b9b5000 ---p 00008000 fd:01 11670197                   /lib/x86_64-linux-gnu/libnss_compat-2.27.so
7efe5b9b5000-7efe5b9b6000 r--p 00008000 fd:01 11670197                   /lib/x86_64-linux-gnu/libnss_compat-2.27.so
7efe5b9b6000-7efe5b9b7000 rw-p 00009000 fd:01 11670197                   /lib/x86_64-linux-gnu/libnss_compat-2.27.so
7efe5b9b7000-7efe5b9e4000 r-xp 00000000 fd:01 1717531                    /home/devbox/android-studio/jre/jre/lib/amd64/libjava.so
7efe5b9e4000-7efe5bbe3000 ---p 0002d000 fd:01 1717531                    /home/devbox/android-studio/jre/jre/lib/amd64/libjava.so
7efe5bbe3000-7efe5bbe4000 r--p 0002c000 fd:01 1717531                    /home/devbox/android-studio/jre/jre/lib/amd64/libjava.so
7efe5bbe4000-7efe5bbe6000 rw-p 0002d000 fd:01 1717531                    /home/devbox/android-studio/jre/jre/lib/amd64/libjava.so
7efe5bbe6000-7efe5bbf6000 r-xp 00000000 fd:01 1717519                    /home/devbox/android-studio/jre/jre/lib/amd64/libverify.so
7efe5bbf6000-7efe5bdf5000 ---p 00010000 fd:01 1717519                    /home/devbox/android-studio/jre/jre/lib/amd64/libverify.so
7efe5bdf5000-7efe5bdf7000 r--p 0000f000 fd:01 1717519                    /home/devbox/android-studio/jre/jre/lib/amd64/libverify.so
7efe5bdf7000-7efe5bdf8000 rw-p 00011000 fd:01 1717519                    /home/devbox/android-studio/jre/jre/lib/amd64/libverify.so
7efe5bdf8000-7efe5bdff000 r-xp 00000000 fd:01 11670252                   /lib/x86_64-linux-gnu/librt-2.27.so
7efe5bdff000-7efe5bffe000 ---p 00007000 fd:01 11670252                   /lib/x86_64-linux-gnu/librt-2.27.so
7efe5bffe000-7efe5bfff000 r--p 00006000 fd:01 11670252                   /lib/x86_64-linux-gnu/librt-2.27.so
7efe5bfff000-7efe5c000000 rw-p 00007000 fd:01 11670252                   /lib/x86_64-linux-gnu/librt-2.27.so
7efe5c000000-7efe5ddc6000 rw-p 00000000 00:00 0 
7efe5ddc6000-7efe60000000 ---p 00000000 00:00 0 
7efe60000000-7efe60001000 r--s 00001000 fd:01 7342895                    /home/devbox/.gradle/caches/transforms-1/files-1.1/runtime-1.1.0.aar/f90d441c7d983ade628ae9d3d2206a19/jars/classes.jar
7efe60001000-7efe60018000 r--s 00159000 fd:01 263280                     /home/devbox/.gradle/caches/modules-2/files-2.1/org.apache.ant/ant/1.8.0/7b456ca6b93900f96e58cc8371f03d90a9c1c8d1/ant-1.8.0.jar
7efe60018000-7efe60066000 rw-p 00000000 00:00 0 
7efe60066000-7efe60203000 r-xp 00000000 fd:01 11670174                   /lib/x86_64-linux-gnu/libm-2.27.so
7efe60203000-7efe60402000 ---p 0019d000 fd:01 11670174                   /lib/x86_64-linux-gnu/libm-2.27.so
7efe60402000-7efe60403000 r--p 0019c000 fd:01 11670174                   /lib/x86_64-linux-gnu/libm-2.27.so
7efe60403000-7efe60404000 rw-p 0019d000 fd:01 11670174                   /lib/x86_64-linux-gnu/libm-2.27.so
7efe60404000-7efe61000000 r-xp 00000000 fd:01 1717541                    /home/devbox/android-studio/jre/jre/lib/amd64/server/libjvm.so
7efe61000000-7efe61200000 ---p 00bfc000 fd:01 1717541                    /home/devbox/android-studio/jre/jre/lib/amd64/server/libjvm.so
7efe61200000-7efe612a0000 r--p 00bfc000 fd:01 1717541                    /home/devbox/android-studio/jre/jre/lib/amd64/server/libjvm.so
7efe612a0000-7efe612c9000 rw-p 00c9c000 fd:01 1717541                    /home/devbox/android-studio/jre/jre/lib/amd64/server/libjvm.so
7efe612c9000-7efe6130d000 rw-p 00000000 00:00 0 
7efe6130d000-7efe61327000 r-xp 00000000 fd:01 11670244                   /lib/x86_64-linux-gnu/libpthread-2.27.so
7efe61327000-7efe61526000 ---p 0001a000 fd:01 11670244                   /lib/x86_64-linux-gnu/libpthread-2.27.so
7efe61526000-7efe61527000 r--p 00019000 fd:01 11670244                   /lib/x86_64-linux-gnu/libpthread-2.27.so
7efe61527000-7efe61528000 rw-p 0001a000 fd:01 11670244                   /lib/x86_64-linux-gnu/libpthread-2.27.so
7efe61528000-7efe6152c000 rw-p 00000000 00:00 0 
7efe6152c000-7efe6152f000 r-xp 00000000 fd:01 11670134                   /lib/x86_64-linux-gnu/libdl-2.27.so
7efe6152f000-7efe6172e000 ---p 00003000 fd:01 11670134                   /lib/x86_64-linux-gnu/libdl-2.27.so
7efe6172e000-7efe6172f000 r--p 00002000 fd:01 11670134                   /lib/x86_64-linux-gnu/libdl-2.27.so
7efe6172f000-7efe61730000 rw-p 00003000 fd:01 11670134                   /lib/x86_64-linux-gnu/libdl-2.27.so
7efe61730000-7efe61917000 r-xp 00000000 fd:01 11670111                   /lib/x86_64-linux-gnu/libc-2.27.so
7efe61917000-7efe61b17000 ---p 001e7000 fd:01 11670111                   /lib/x86_64-linux-gnu/libc-2.27.so
7efe61b17000-7efe61b1b000 r--p 001e7000 fd:01 11670111                   /lib/x86_64-linux-gnu/libc-2.27.so
7efe61b1b000-7efe61b1d000 rw-p 001eb000 fd:01 11670111                   /lib/x86_64-linux-gnu/libc-2.27.so
7efe61b1d000-7efe61b21000 rw-p 00000000 00:00 0 
7efe61b21000-7efe61b37000 r-xp 00000000 fd:01 1717424                    /home/devbox/android-studio/jre/lib/amd64/jli/libjli.so
7efe61b37000-7efe61d36000 ---p 00016000 fd:01 1717424                    /home/devbox/android-studio/jre/lib/amd64/jli/libjli.so
7efe61d36000-7efe61d37000 r--p 00015000 fd:01 1717424                    /home/devbox/android-studio/jre/lib/amd64/jli/libjli.so
7efe61d37000-7efe61d38000 rw-p 00016000 fd:01 1717424                    /home/devbox/android-studio/jre/lib/amd64/jli/libjli.so
7efe61d38000-7efe61d5f000 r-xp 00000000 fd:01 11670083                   /lib/x86_64-linux-gnu/ld-2.27.so
7efe61d5f000-7efe61d60000 r--s 00004000 fd:01 263364                     /home/devbox/.gradle/caches/modules-2/files-2.1/org.powermock/powermock-api-support/1.6.4/314daafb761541293595630e10a3699ebc07881d/powermock-api-support-1.6.4.jar
7efe61d60000-7efe61d64000 r--s 00043000 fd:01 4855595                    /home/devbox/.gradle/caches/transforms-1/files-1.1/support-core-ui-27.1.1.aar/49d6abd70557400aab0c5c9e1c83cdf9/jars/classes.jar
7efe61d64000-7efe61d66000 r--s 0000a000 fd:01 263365                     /home/devbox/.gradle/caches/modules-2/files-2.1/org.powermock/powermock-reflect/1.6.4/5532f4e7c42db4bca4778bc9f1afcd4b0ee0b893/powermock-reflect-1.6.4.jar
7efe61d66000-7efe61d68000 r--s 0000b000 fd:01 263305                     /home/devbox/.gradle/caches/modules-2/files-2.1/org.apache.maven.wagon/wagon-provider-api/1.0-beta-6/3f952e0282ae77ae59851d96bb18015e520b6208/wagon-provider-api-1.0-beta-6.jar
7efe61d68000-7efe61d69000 r--s 00002000 fd:01 263301                     /home/devbox/.gradle/caches/modules-2/files-2.1/org.apache.maven.wagon/wagon-file/1.0-beta-6/6c53633505460caf49d2660de1e24744d915afb9/wagon-file-1.0-beta-6.jar
7efe61d69000-7efe61d6f000 r--s 00058000 fd:01 5642395                    /home/devbox/.gradle/caches/transforms-1/files-1.1/recyclerview-v7-27.1.1.aar/30c4a1ca68429952a59338c6dc404014/jars/classes.jar
7efe61d6f000-7efe61d73000 r--s 00023000 fd:01 263291                     /home/devbox/.gradle/caches/modules-2/files-2.1/org.apache.maven/maven-project/2.2.1/8239e98c16f641d55a4ad0e0bab0aee3aff8933f/maven-project-2.2.1.jar
7efe61d73000-7efe61d74000 r--s 00003000 fd:01 263302                     /home/devbox/.gradle/caches/modules-2/files-2.1/org.apache.maven.wagon/wagon-http-lightweight/1.0-beta-6/b3815078570c3b1f0667e123d59717c6b726c6c2/wagon-http-lightweight-1.0-beta-6.jar
7efe61d74000-7efe61d76000 r--s 00002000 fd:01 263293                     /home/devbox/.gradle/caches/modules-2/files-2.1/org.apache.maven/maven-error-diagnostics/2.2.1/e81bb342d7d172f23d108dc8fa979a1facdcde8e/maven-error-diagnostics-2.2.1.jar
7efe61d76000-7efe61d78000 r--s 00004000 fd:01 262450                     /home/devbox/.gradle/caches/modules-2/files-2.1/android.arch.lifecycle/common/1.1.0/edf3f7bfb84a7521d0599efa3b0113a0ee90f85/common-1.1.0.jar
7efe61d78000-7efe61e42000 rw-p 00000000 00:00 0 
7efe61e42000-7efe61e43000 ---p 00000000 00:00 0 
7efe61e43000-7efe61e46000 ---p 00000000 00:00 0 
7efe61e46000-7efe61f45000 rw-p 00000000 00:00 0 
7efe61f45000-7efe61f4d000 r--s 00049000 fd:01 263309                     /home/devbox/.gradle/caches/modules-2/files-2.1/backport-util-concurrent/backport-util-concurrent/3.1/682f7ac17fed79e92f8e87d8455192b63376347b/backport-util-concurrent-3.1.jar
7efe61f4d000-7efe61f4e000 r--s 00008000 fd:01 1977533                    /home/devbox/android-studio/plugins/junit/lib/junit5-rt.jar
7efe61f4e000-7efe61f51000 r--s 0001f000 fd:01 1977522                    /home/devbox/android-studio/plugins/junit/lib/junit-rt.jar
7efe61f51000-7efe61f53000 r--s 0001a000 fd:01 1585337                    /home/devbox/android-studio/lib/idea_rt.jar
7efe61f53000-7efe61f5b000 rw-s 00000000 fd:01 4987226                    /tmp/hsperfdata_devbox/16385
7efe61f5b000-7efe61f5c000 rw-p 00000000 00:00 0 
7efe61f5c000-7efe61f5d000 ---p 00000000 00:00 0 
7efe61f5d000-7efe61f5f000 rw-p 00000000 00:00 0 
7efe61f5f000-7efe61f60000 r--p 00027000 fd:01 11670083                   /lib/x86_64-linux-gnu/ld-2.27.so
7efe61f60000-7efe61f61000 rw-p 00028000 fd:01 11670083                   /lib/x86_64-linux-gnu/ld-2.27.so
7efe61f61000-7efe61f62000 rw-p 00000000 00:00 0 
7ffcb8c3f000-7ffcb8c63000 rw-p 00000000 00:00 0                          [stack]
7ffcb8d03000-7ffcb8d06000 r--p 00000000 00:00 0                          [vvar]
7ffcb8d06000-7ffcb8d08000 r-xp 00000000 00:00 0                          [vdso]
ffffffffff600000-ffffffffff601000 r-xp 00000000 00:00 0                  [vsyscall]

VM Arguments:
jvm_args: -ea -Didea.test.cyclic.buffer.size=1048576 -Didea.launcher.port=37719 -Didea.launcher.bin.path=/home/devbox/android-studio/bin -Dfile.encoding=UTF-8 
java_command: com.intellij.rt.execution.application.AppMainV2 com.intellij.rt.execution.junit.JUnitStarter -ideVersion5 @w@/tmp/idea_working_dirs_junit.tmp @/tmp/idea_junit.tmp -socket36337
java_class_path (initial): /home/devbox/android-studio/lib/idea_rt.jar:/home/devbox/android-studio/plugins/junit/lib/junit-rt.jar:/home/devbox/android-studio/plugins/junit/lib/junit5-rt.jar:/home/devbox/Android/Sdk/platforms/android-27/data/res:/home/devbox/AndroidStudioProjects/bluebotcontroller/app/build/intermediates/classes/test/debug:/home/devbox/AndroidStudioProjects/bluebotcontroller/app/build/intermediates/classes/debug:/home/devbox/.gradle/caches/modules-2/files-2.1/backport-util-concurrent/backport-util-concurrent/3.1/682f7ac17fed79e92f8e87d8455192b63376347b/backport-util-concurrent-3.1.jar:/home/devbox/.gradle/caches/modules-2/files-2.1/android.arch.lifecycle/common/1.1.0/edf3f7bfb84a7521d0599efa3b0113a0ee90f85/common-1.1.0.jar:/home/devbox/.gradle/caches/modules-2/files-2.1/org.apache.maven/maven-error-diagnostics/2.2.1/e81bb342d7d172f23d108dc8fa979a1facdcde8e/maven-error-diagnostics-2.2.1.jar:/home/devbox/.gradle/caches/modules-2/files-2.1/org.apache.maven.wagon/wagon-http-lightweight/1.0-beta-6/b3815078570c3b1f0667e123d59717c6b726c6c2/wagon-http-lightweight-1.0-beta-6.jar:/home/devbox/.gradle/caches/modules-2/files-2.1/org.apache.maven/maven-project/2.2.1/8239e98c16f641d55a4ad0e0bab0aee3aff8933f/maven-project-2.2.1.jar:/home/devbox/.gradle/caches/transforms-1/files-1.1/recyclerview-v7-27.1.1.aar/30c4a1ca68429952a59338c6dc404014/res:/home/devbox/.gradle/caches/transforms-1/files-1.1/recyclerview-v7-27.1.1.aar/30c4a1ca68429952a59338c6dc404014/jars/classes.jar:/home/devbox/.gradle/caches/modules-2/files-2.1/org.apache.maven.wagon/wagon-file/1.0-beta-6/6c53633505460caf49d2660de1e24744d915afb9/wagon-file-1.0-beta-6.jar:/home/devbox/.gradle/caches/modules-2/files-2.1/org.apache.maven.wagon/wagon-provider-api/1.0-beta-6/3f952e0282ae77ae59851d96bb18015e520b6208/wagon-provider-api-1.0-beta-6.jar:/home/devbox/.gradle/caches/modules-2/files-2.1/org.powermock/powermock-reflect/1.6.4/5532f4e7c42db4bca4778bc9f1afcd4b0ee0b893/powermock-reflect-1.6.4.jar:/home/devbo
Launcher Type: SUN_STANDARD

Environment Variables:
PATH=/home/devbox/.local/bin:/usr/local/sbin:/usr/local/bin:/usr/sbin:/usr/bin:/sbin:/bin:/usr/games:/usr/local/games:/snap/bin:/home/devbox/android-studio/bin:/home/devbox/Android/Sdk/platform-tools:/home/devbox/myscripts/checks
USERNAME=devbox
SHELL=/bin/bash
DISPLAY=:0

Signal Handlers:
SIGSEGV: [libjvm.so+0x9edb30], sa_mask[0]=11111111011111111101111111111110, sa_flags=SA_RESTART|SA_SIGINFO
SIGBUS: [libjvm.so+0x9edb30], sa_mask[0]=11111111011111111101111111111110, sa_flags=SA_RESTART|SA_SIGINFO
SIGFPE: [libjvm.so+0x84e800], sa_mask[0]=11111111011111111101111111111110, sa_flags=SA_RESTART|SA_SIGINFO
SIGPIPE: [libjvm.so+0x84e800], sa_mask[0]=11111111011111111101111111111110, sa_flags=SA_RESTART|SA_SIGINFO
SIGXFSZ: [libjvm.so+0x84e800], sa_mask[0]=11111111011111111101111111111110, sa_flags=SA_RESTART|SA_SIGINFO
SIGILL: [libjvm.so+0x84e800], sa_mask[0]=11111111011111111101111111111110, sa_flags=SA_RESTART|SA_SIGINFO
SIGUSR1: SIG_DFL, sa_mask[0]=00000000000000000000000000000000, sa_flags=none
SIGUSR2: [libjvm.so+0x84e6d0], sa_mask[0]=00100000000000000000000000000000, sa_flags=SA_RESTART|SA_SIGINFO
SIGHUP: [libjvm.so+0x84e8c0], sa_mask[0]=11111111011111111101111111111110, sa_flags=SA_RESTART|SA_SIGINFO
SIGINT: [libjvm.so+0x84e8c0], sa_mask[0]=11111111011111111101111111111110, sa_flags=SA_RESTART|SA_SIGINFO
SIGTERM: [libjvm.so+0x84e8c0], sa_mask[0]=11111111011111111101111111111110, sa_flags=SA_RESTART|SA_SIGINFO
SIGQUIT: [libjvm.so+0x84e8c0], sa_mask[0]=11111111011111111101111111111110, sa_flags=SA_RESTART|SA_SIGINFO


---------------  S Y S T E M  ---------------

OS:DISTRIB_ID=Ubuntu
DISTRIB_RELEASE=18.04
DISTRIB_CODENAME=bionic
DISTRIB_DESCRIPTION="Ubuntu 18.04 LTS"

uname:Linux 4.15.0-24-generic #26-Ubuntu SMP Wed Jun 13 08:44:47 UTC 2018 x86_64
libc:glibc 2.27 NPTL 2.27 
rlimit: STACK 8192k, CORE 0k, NPROC 30076, NOFILE 4096, AS infinity
load average:3.02 2.06 1.35

/proc/meminfo:
MemTotal:        7761588 kB
MemFree:          138952 kB
MemAvailable:      45432 kB
Buffers:            3436 kB
Cached:          1314444 kB
SwapCached:        52100 kB
Active:          6435492 kB
Inactive:         928016 kB
Active(anon):    6415092 kB
Inactive(anon):   909180 kB
Active(file):      20400 kB
Inactive(file):    18836 kB
Unevictable:          16 kB
Mlocked:              16 kB
SwapTotal:       1003516 kB
SwapFree:              0 kB
Dirty:               720 kB
Writeback:             0 kB
AnonPages:       5994580 kB
Mapped:           460804 kB
Shmem:           1278000 kB
Slab:             116636 kB
SReclaimable:      56108 kB
SUnreclaim:        60528 kB
KernelStack:       13952 kB
PageTables:        62556 kB
NFS_Unstable:          0 kB
Bounce:                0 kB
WritebackTmp:          0 kB
CommitLimit:     4884308 kB
Committed_AS:   13719588 kB
VmallocTotal:   34359738367 kB
VmallocUsed:           0 kB
VmallocChunk:          0 kB
HardwareCorrupted:     0 kB
AnonHugePages:         0 kB
ShmemHugePages:        0 kB
ShmemPmdMapped:        0 kB
CmaTotal:              0 kB
CmaFree:               0 kB
HugePages_Total:       0
HugePages_Free:        0
HugePages_Rsvd:        0
HugePages_Surp:        0
Hugepagesize:       2048 kB
DirectMap4k:      207456 kB
DirectMap2M:     7770112 kB
DirectMap1G:     1048576 kB


CPU:total 4 (initial active 4) (2 cores per cpu, 2 threads per core) family 6 model 78 stepping 3, cmov, cx8, fxsr, mmx, sse, sse2, sse3, ssse3, sse4.1, sse4.2, popcnt, avx, avx2, aes, clmul, erms, 3dnowpref, lzcnt, ht, tsc, tscinvbit, bmi1, bmi2, adx

/proc/cpuinfo:
processor	: 0
vendor_id	: GenuineIntel
cpu family	: 6
model		: 78
model name	: Intel(R) Core(TM) i7-6560U CPU @ 2.20GHz
stepping	: 3
microcode	: 0xc2
cpu MHz		: 2200.003
cache size	: 4096 KB
physical id	: 0
siblings	: 4
core id		: 0
cpu cores	: 2
apicid		: 0
initial apicid	: 0
fpu		: yes
fpu_exception	: yes
cpuid level	: 22
wp		: yes
flags		: fpu vme de pse tsc msr pae mce cx8 apic sep mtrr pge mca cmov pat pse36 clflush dts acpi mmx fxsr sse sse2 ss ht tm pbe syscall nx pdpe1gb rdtscp lm constant_tsc art arch_perfmon pebs bts rep_good nopl xtopology nonstop_tsc cpuid aperfmperf tsc_known_freq pni pclmulqdq dtes64 monitor ds_cpl vmx est tm2 ssse3 sdbg fma cx16 xtpr pdcm pcid sse4_1 sse4_2 x2apic movbe popcnt tsc_deadline_timer aes xsave avx f16c rdrand lahf_lm abm 3dnowprefetch cpuid_fault epb invpcid_single pti ibrs ibpb stibp tpr_shadow vnmi flexpriority ept vpid fsgsbase tsc_adjust bmi1 avx2 smep bmi2 erms invpcid mpx rdseed adx smap clflushopt intel_pt xsaveopt xsavec xgetbv1 xsaves dtherm ida arat pln pts hwp hwp_notify hwp_act_window hwp_epp
bugs		: cpu_meltdown spectre_v1 spectre_v2 spec_store_bypass
bogomips	: 4416.00
clflush size	: 64
cache_alignment	: 64
address sizes	: 39 bits physical, 48 bits virtual
power management:

processor	: 1
vendor_id	: GenuineIntel
cpu family	: 6
model		: 78
model name	: Intel(R) Core(TM) i7-6560U CPU @ 2.20GHz
stepping	: 3
microcode	: 0xc2
cpu MHz		: 2200.009
cache size	: 4096 KB
physical id	: 0
siblings	: 4
core id		: 1
cpu cores	: 2
apicid		: 2
initial apicid	: 2
fpu		: yes
fpu_exception	: yes
cpuid level	: 22
wp		: yes
flags		: fpu vme de pse tsc msr pae mce cx8 apic sep mtrr pge mca cmov pat pse36 clflush dts acpi mmx fxsr sse sse2 ss ht tm pbe syscall nx pdpe1gb rdtscp lm constant_tsc art arch_perfmon pebs bts rep_good nopl xtopology nonstop_tsc cpuid aperfmperf tsc_known_freq pni pclmulqdq dtes64 monitor ds_cpl vmx est tm2 ssse3 sdbg fma cx16 xtpr pdcm pcid sse4_1 sse4_2 x2apic movbe popcnt tsc_deadline_timer aes xsave avx f16c rdrand lahf_lm abm 3dnowprefetch cpuid_fault epb invpcid_single pti ibrs ibpb stibp tpr_shadow vnmi flexpriority ept vpid fsgsbase tsc_adjust bmi1 avx2 smep bmi2 erms invpcid mpx rdseed adx smap clflushopt intel_pt xsaveopt xsavec xgetbv1 xsaves dtherm ida arat pln pts hwp hwp_notify hwp_act_window hwp_epp
bugs		: cpu_meltdown spectre_v1 spectre_v2 spec_store_bypass
bogomips	: 4416.00
clflush size	: 64
cache_alignment	: 64
address sizes	: 39 bits physical, 48 bits virtual
power management:

processor	: 2
vendor_id	: GenuineIntel
cpu family	: 6
model		: 78
model name	: Intel(R) Core(TM) i7-6560U CPU @ 2.20GHz
stepping	: 3
microcode	: 0xc2
cpu MHz		: 2200.013
cache size	: 4096 KB
physical id	: 0
siblings	: 4
core id		: 0
cpu cores	: 2
apicid		: 1
initial apicid	: 1
fpu		: yes
fpu_exception	: yes
cpuid level	: 22
wp		: yes
flags		: fpu vme de pse tsc msr pae mce cx8 apic sep mtrr pge mca cmov pat pse36 clflush dts acpi mmx fxsr sse sse2 ss ht tm pbe syscall nx pdpe1gb rdtscp lm constant_tsc art arch_perfmon pebs bts rep_good nopl xtopology nonstop_tsc cpuid aperfmperf tsc_known_freq pni pclmulqdq dtes64 monitor ds_cpl vmx est tm2 ssse3 sdbg fma cx16 xtpr pdcm pcid sse4_1 sse4_2 x2apic movbe popcnt tsc_deadline_timer aes xsave avx f16c rdrand lahf_lm abm 3dnowprefetch cpuid_fault epb invpcid_single pti ibrs ibpb stibp tpr_shadow vnmi flexpriority ept vpid fsgsbase tsc_adjust bmi1 avx2 smep bmi2 erms invpcid mpx rdseed adx smap clflushopt intel_pt xsaveopt xsavec xgetbv1 xsaves dtherm ida arat pln pts hwp hwp_notify hwp_act_window hwp_epp
bugs		: cpu_meltdown spectre_v1 spectre_v2 spec_store_bypass
bogomips	: 4416.00
clflush size	: 64
cache_alignment	: 64
address sizes	: 39 bits physical, 48 bits virtual
power management:

processor	: 3
vendor_id	: GenuineIntel
cpu family	: 6
model		: 78
model name	: Intel(R) Core(TM) i7-6560U CPU @ 2.20GHz
stepping	: 3
microcode	: 0xc2
cpu MHz		: 2200.004
cache size	: 4096 KB
physical id	: 0
siblings	: 4
core id		: 1
cpu cores	: 2
apicid		: 3
initial apicid	: 3
fpu		: yes
fpu_exception	: yes
cpuid level	: 22
wp		: yes
flags		: fpu vme de pse tsc msr pae mce cx8 apic sep mtrr pge mca cmov pat pse36 clflush dts acpi mmx fxsr sse sse2 ss ht tm pbe syscall nx pdpe1gb rdtscp lm constant_tsc art arch_perfmon pebs bts rep_good nopl xtopology nonstop_tsc cpuid aperfmperf tsc_known_freq pni pclmulqdq dtes64 monitor ds_cpl vmx est tm2 ssse3 sdbg fma cx16 xtpr pdcm pcid sse4_1 sse4_2 x2apic movbe popcnt tsc_deadline_timer aes xsave avx f16c rdrand lahf_lm abm 3dnowprefetch cpuid_fault epb invpcid_single pti ibrs ibpb stibp tpr_shadow vnmi flexpriority ept vpid fsgsbase tsc_adjust bmi1 avx2 smep bmi2 erms invpcid mpx rdseed adx smap clflushopt intel_pt xsaveopt xsavec xgetbv1 xsaves dtherm ida arat pln pts hwp hwp_notify hwp_act_window hwp_epp
bugs		: cpu_meltdown spectre_v1 spectre_v2 spec_store_bypass
bogomips	: 4416.00
clflush size	: 64
cache_alignment	: 64
address sizes	: 39 bits physical, 48 bits virtual
power management:



Memory: 4k page, physical 7761588k(145340k free), swap 1003516k(0k free)

vm_info: OpenJDK 64-Bit Server VM (25.152-b01) for linux-amd64 JRE (1.8.0_152-release-1024-b01), built by "builder" with gcc 4.8.4

time: Fri Jul  6 16:15:24 2018
elapsed time: 25 seconds (0d 0h 0m 25s)

