#
# There is insufficient memory for the Java Runtime Environment to continue.
# Native memory allocation (mmap) failed to map 358088704 bytes for committing reserved memory.
# Possible reasons:
#   The system is out of physical RAM or swap space
#   In 32 bit mode, the process size limit was hit
# Possible solutions:
#   Reduce memory load on the system
#   Increase physical memory or swap space
#   Check if swap backing store is full
#   Use 64 bit Java on a 64 bit OS
#   Decrease Java heap size (-Xmx/-Xms)
#   Decrease number of Java threads
#   Decrease Java thread stack sizes (-Xss)
#   Set larger code cache with -XX:ReservedCodeCacheSize=
# This output file may be truncated or incomplete.
#
#  Out of Memory Error (os_linux.cpp:2640), pid=6789, tid=0x00007f6bd3efe700
#
# JRE version: OpenJDK Runtime Environment (8.0_152-b01) (build 1.8.0_152-release-1024-b01)
# Java VM: OpenJDK 64-Bit Server VM (25.152-b01 mixed mode linux-amd64 compressed oops)
# Failed to write core dump. Core dumps have been disabled. To enable core dumping, try "ulimit -c unlimited" before starting Java again
#

---------------  T H R E A D  ---------------

Current thread (0x00007f6bf807f000):  VMThread [stack: 0x00007f6bd3dff000,0x00007f6bd3eff000] [id=6796]

Stack: [0x00007f6bd3dff000,0x00007f6bd3eff000],  sp=0x00007f6bd3efd470,  free space=1017k
Native frames: (J=compiled Java code, j=interpreted, Vv=VM code, C=native code)
V  [libjvm.so+0x9ed02d]  VMError::report_and_die()+0x15d
V  [libjvm.so+0x4b99fa]  report_vm_out_of_memory(char const*, int, unsigned long, VMErrorType, char const*)+0x8a
V  [libjvm.so+0x852c20]  os::pd_commit_memory(char*, unsigned long, unsigned long, bool)+0xf0
V  [libjvm.so+0x84d72f]  os::commit_memory(char*, unsigned long, unsigned long, bool)+0x1f
V  [libjvm.so+0x8c448b]  PSVirtualSpace::expand_by(unsigned long)+0x5b
V  [libjvm.so+0x8b526b]  PSOldGen::expand_by(unsigned long) [clone .part.109]+0x1b
V  [libjvm.so+0x8b542b]  PSOldGen::expand(unsigned long) [clone .part.111]+0xdb
V  [libjvm.so+0x8b5d08]  PSOldGen::resize(unsigned long)+0x188
V  [libjvm.so+0x8bb31c]  PSParallelCompact::invoke_no_policy(bool)+0x97c
V  [libjvm.so+0x8c242d]  PSScavenge::invoke()+0x17d
V  [libjvm.so+0x876633]  ParallelScavengeHeap::failed_mem_allocate(unsigned long)+0x63
V  [libjvm.so+0x9eeb54]  VM_ParallelGCFailedAllocation::doit()+0x84
V  [libjvm.so+0x9f3067]  VM_Operation::evaluate()+0x47
V  [libjvm.so+0x9f1a48]  VMThread::evaluate_operation(VM_Operation*)+0x2c8
V  [libjvm.so+0x9f1ec9]  VMThread::loop()+0x219
V  [libjvm.so+0x9f2312]  VMThread::run()+0x72
V  [libjvm.so+0x850032]  java_start(Thread*)+0xf2

VM_Operation (0x00007f6c006f98a0): ParallelGCFailedAllocation, mode: safepoint, requested by thread 0x00007f6bf8011800


---------------  P R O C E S S  ---------------

Java Threads: ( => current thread )
  0x00007f6bf8703800 JavaThread "RxSchedulerPurge-1" daemon [_thread_blocked, id=6815, stack(0x00007f6bd20ea000,0x00007f6bd21eb000)]
  0x00007f6bf80e3000 JavaThread "Monitor Ctrl-Break" daemon [_thread_in_native, id=6805, stack(0x00007f6bd2b26000,0x00007f6bd2c27000)]
  0x00007f6bf80c7800 JavaThread "Service Thread" daemon [_thread_blocked, id=6803, stack(0x00007f6bd2d28000,0x00007f6bd2e29000)]
  0x00007f6bf80c4800 JavaThread "C1 CompilerThread2" daemon [_thread_blocked, id=6802, stack(0x00007f6bd2e2a000,0x00007f6bd2f2a000)]
  0x00007f6bf80c2800 JavaThread "C2 CompilerThread1" daemon [_thread_blocked, id=6801, stack(0x00007f6bd2f2b000,0x00007f6bd302b000)]
  0x00007f6bf80c0800 JavaThread "C2 CompilerThread0" daemon [_thread_blocked, id=6800, stack(0x00007f6bd302c000,0x00007f6bd312c000)]
  0x00007f6bf80be000 JavaThread "Signal Dispatcher" daemon [_thread_blocked, id=6799, stack(0x00007f6bd312c000,0x00007f6bd322d000)]
  0x00007f6bf808b000 JavaThread "Finalizer" daemon [_thread_blocked, id=6798, stack(0x00007f6bd3bfc000,0x00007f6bd3cfd000)]
  0x00007f6bf8086800 JavaThread "Reference Handler" daemon [_thread_blocked, id=6797, stack(0x00007f6bd3cfd000,0x00007f6bd3dfe000)]
  0x00007f6bf8011800 JavaThread "main" [_thread_blocked, id=6790, stack(0x00007f6c005fe000,0x00007f6c006fe000)]

Other Threads:
=>0x00007f6bf807f000 VMThread [stack: 0x00007f6bd3dff000,0x00007f6bd3eff000] [id=6796]
  0x00007f6bf80ca000 WatcherThread [stack: 0x00007f6bd2c28000,0x00007f6bd2d28000] [id=6804]

VM state:at safepoint (normal execution)

VM Mutex/Monitor currently owned by a thread:  ([mutex/lock_event])
[0x00007f6bf800d740] ExpandHeap_lock - owner thread: 0x00007f6bf807f000
[0x00007f6bf800ddc0] Threads_lock - owner thread: 0x00007f6bf807f000
[0x00007f6bf800e2c0] Heap_lock - owner thread: 0x00007f6bf8011800

Heap:
 PSYoungGen      total 421376K, used 109410K [0x00000000d8800000, 0x0000000100000000, 0x0000000100000000)
  eden space 205824K, 0% used [0x00000000d8800000,0x00000000d8800000,0x00000000e5100000)
  from space 215552K, 50% used [0x00000000f2380000,0x00000000f8e58878,0x00000000ff600000)
  to   space 215552K, 0% used [0x00000000e5100000,0x00000000e5100000,0x00000000f2380000)
 ParOldGen       total 665600K, used 665239K [0x0000000089800000, 0x00000000b2200000, 0x00000000d8800000)
  object space 665600K, 99% used [0x0000000089800000,0x00000000b21a5f58,0x00000000b2200000)
 Metaspace       used 14625K, capacity 14882K, committed 15232K, reserved 1062912K
  class space    used 1775K, capacity 1877K, committed 1920K, reserved 1048576K

Card table byte_map: [0x00007f6bfd005000,0x00007f6bfd3ba000] byte_map_base: 0x00007f6bfcbb9000

Marking Bits: (ParMarkBitMap*) 0x00007f6bffa99440
 Begin Bits: [0x00007f6be04c0000, 0x00007f6be2260000)
 End Bits:   [0x00007f6be2260000, 0x00007f6be4000000)

Polling page: 0x00007f6c00717000

CodeCache: size=245760Kb used=6890Kb max_used=6902Kb free=238869Kb
 bounds [0x00007f6be9000000, 0x00007f6be96d0000, 0x00007f6bf8000000]
 total_blobs=2206 nmethods=1871 adapters=249
 compilation: enabled

Compilation events (10 events):
Event: 18.691 Thread 0x00007f6bf80c2800 nmethod 1846 0x00007f6be968da50 code [0x00007f6be968dbe0, 0x00007f6be968e118]
Event: 18.691 Thread 0x00007f6bf80c2800 1850       4       java.util.concurrent.ConcurrentLinkedQueue::size (41 bytes)
Event: 18.693 Thread 0x00007f6bf80c2800 nmethod 1850 0x00007f6be96a0210 code [0x00007f6be96a0360, 0x00007f6be96a0498]
Event: 18.693 Thread 0x00007f6bf80c2800 1863   !   4       io.reactivex.internal.operators.observable.ObservableObserveOn$ObserveOnObserver::drainNormal (145 bytes)
Event: 18.695 Thread 0x00007f6bf80c0800 nmethod 1857 0x00007f6be96a0d90 code [0x00007f6be96a0f60, 0x00007f6be96a1608]
Event: 18.695 Thread 0x00007f6bf80c0800 1866       4       org.hamcrest.BaseMatcher::<init> (5 bytes)
Event: 18.695 Thread 0x00007f6bf80c0800 nmethod 1866 0x00007f6be95cdd50 code [0x00007f6be95cdea0, 0x00007f6be95cdef8]
Event: 18.760 Thread 0x00007f6bf80c2800 nmethod 1863 0x00007f6be9696f50 code [0x00007f6be96971a0, 0x00007f6be9697fa8]
Event: 22.384 Thread 0x00007f6bf80c0800 1877 % !   4       com.example.devbox.bluebotcontroller.model.BluetoothConnection::lambda$subscribeToInputStream$0 @ 0 (56 bytes)
Event: 22.411 Thread 0x00007f6bf80c0800 nmethod 1877% 0x00007f6be9696250 code [0x00007f6be9696440, 0x00007f6be96969b0]

GC Heap History (10 events):
Event: 17.558 GC heap after
Heap after GC invocations=9 (full 2):
 PSYoungGen      total 274944K, used 69502K [0x00000000d8800000, 0x00000000f9e80000, 0x0000000100000000)
  eden space 198144K, 0% used [0x00000000d8800000,0x00000000d8800000,0x00000000e4980000)
  from space 76800K, 90% used [0x00000000e4980000,0x00000000e8d5fa40,0x00000000e9480000)
  to   space 147968K, 0% used [0x00000000f0e00000,0x00000000f0e00000,0x00000000f9e80000)
 ParOldGen       total 407552K, used 215718K [0x0000000089800000, 0x00000000a2600000, 0x00000000d8800000)
  object space 407552K, 52% used [0x0000000089800000,0x0000000096aa99b0,0x00000000a2600000)
 Metaspace       used 14623K, capacity 14882K, committed 15232K, reserved 1062912K
  class space    used 1775K, capacity 1877K, committed 1920K, reserved 1048576K
}
Event: 19.231 GC heap before
{Heap before GC invocations=10 (full 2):
 PSYoungGen      total 274944K, used 267646K [0x00000000d8800000, 0x00000000f9e80000, 0x0000000100000000)
  eden space 198144K, 100% used [0x00000000d8800000,0x00000000e4980000,0x00000000e4980000)
  from space 76800K, 90% used [0x00000000e4980000,0x00000000e8d5fa40,0x00000000e9480000)
  to   space 147968K, 0% used [0x00000000f0e00000,0x00000000f0e00000,0x00000000f9e80000)
 ParOldGen       total 407552K, used 215718K [0x0000000089800000, 0x00000000a2600000, 0x00000000d8800000)
  object space 407552K, 52% used [0x0000000089800000,0x0000000096aa99b0,0x00000000a2600000)
 Metaspace       used 14625K, capacity 14882K, committed 15232K, reserved 1062912K
  class space    used 1775K, capacity 1877K, committed 1920K, reserved 1048576K
Event: 19.834 GC heap after
Heap after GC invocations=10 (full 2):
 PSYoungGen      total 331776K, used 147968K [0x00000000d8800000, 0x0000000100000000, 0x0000000100000000)
  eden space 183808K, 0% used [0x00000000d8800000,0x00000000d8800000,0x00000000e3b80000)
  from space 147968K, 100% used [0x00000000f0e00000,0x00000000f9e80000,0x00000000f9e80000)
  to   space 215552K, 0% used [0x00000000e3b80000,0x00000000e3b80000,0x00000000f0e00000)
 ParOldGen       total 407552K, used 308974K [0x0000000089800000, 0x00000000a2600000, 0x00000000d8800000)
  object space 407552K, 75% used [0x0000000089800000,0x000000009c5bb9b0,0x00000000a2600000)
 Metaspace       used 14625K, capacity 14882K, committed 15232K, reserved 1062912K
  class space    used 1775K, capacity 1877K, committed 1920K, reserved 1048576K
}
Event: 19.834 GC heap before
{Heap before GC invocations=11 (full 3):
 PSYoungGen      total 331776K, used 147968K [0x00000000d8800000, 0x0000000100000000, 0x0000000100000000)
  eden space 183808K, 0% used [0x00000000d8800000,0x00000000d8800000,0x00000000e3b80000)
  from space 147968K, 100% used [0x00000000f0e00000,0x00000000f9e80000,0x00000000f9e80000)
  to   space 215552K, 0% used [0x00000000e3b80000,0x00000000e3b80000,0x00000000f0e00000)
 ParOldGen       total 407552K, used 308974K [0x0000000089800000, 0x00000000a2600000, 0x00000000d8800000)
  object space 407552K, 75% used [0x0000000089800000,0x000000009c5bb9b0,0x00000000a2600000)
 Metaspace       used 14625K, capacity 14882K, committed 15232K, reserved 1062912K
  class space    used 1775K, capacity 1877K, committed 1920K, reserved 1048576K
Event: 22.025 GC heap after
Heap after GC invocations=11 (full 3):
 PSYoungGen      total 331776K, used 48549K [0x00000000d8800000, 0x0000000100000000, 0x0000000100000000)
  eden space 183808K, 0% used [0x00000000d8800000,0x00000000d8800000,0x00000000e3b80000)
  from space 147968K, 32% used [0x00000000f0e00000,0x00000000f3d69460,0x00000000f9e80000)
  to   space 215552K, 0% used [0x00000000e3b80000,0x00000000e3b80000,0x00000000f0e00000)
 ParOldGen       total 665600K, used 407468K [0x0000000089800000, 0x00000000b2200000, 0x00000000d8800000)
  object space 665600K, 61% used [0x0000000089800000,0x00000000a25eb078,0x00000000b2200000)
 Metaspace       used 14625K, capacity 14882K, committed 15232K, reserved 1062912K
  class space    used 1775K, capacity 1877K, committed 1920K, reserved 1048576K
}
Event: 23.214 GC heap before
{Heap before GC invocations=12 (full 3):
 PSYoungGen      total 331776K, used 232357K [0x00000000d8800000, 0x0000000100000000, 0x0000000100000000)
  eden space 183808K, 100% used [0x00000000d8800000,0x00000000e3b80000,0x00000000e3b80000)
  from space 147968K, 32% used [0x00000000f0e00000,0x00000000f3d69460,0x00000000f9e80000)
  to   space 215552K, 0% used [0x00000000e3b80000,0x00000000e3b80000,0x00000000f0e00000)
 ParOldGen       total 665600K, used 407468K [0x0000000089800000, 0x00000000b2200000, 0x00000000d8800000)
  object space 665600K, 61% used [0x0000000089800000,0x00000000a25eb078,0x00000000b2200000)
 Metaspace       used 14625K, capacity 14882K, committed 15232K, reserved 1062912K
  class space    used 1775K, capacity 1877K, committed 1920K, reserved 1048576K
Event: 23.532 GC heap after
Heap after GC invocations=12 (full 3):
 PSYoungGen      total 399360K, used 204608K [0x00000000d8800000, 0x00000000ff600000, 0x0000000100000000)
  eden space 183808K, 0% used [0x00000000d8800000,0x00000000d8800000,0x00000000e3b80000)
  from space 215552K, 94% used [0x00000000e3b80000,0x00000000f0350000,0x00000000f0e00000)
  to   space 215552K, 0% used [0x00000000f2380000,0x00000000f2380000,0x00000000ff600000)
 ParOldGen       total 665600K, used 411924K [0x0000000089800000, 0x00000000b2200000, 0x00000000d8800000)
  object space 665600K, 61% used [0x0000000089800000,0x00000000a2a45078,0x00000000b2200000)
 Metaspace       used 14625K, capacity 14882K, committed 15232K, reserved 1062912K
  class space    used 1775K, capacity 1877K, committed 1920K, reserved 1048576K
}
Event: 24.875 GC heap before
{Heap before GC invocations=13 (full 3):
 PSYoungGen      total 399360K, used 388416K [0x00000000d8800000, 0x00000000ff600000, 0x0000000100000000)
  eden space 183808K, 100% used [0x00000000d8800000,0x00000000e3b80000,0x00000000e3b80000)
  from space 215552K, 94% used [0x00000000e3b80000,0x00000000f0350000,0x00000000f0e00000)
  to   space 215552K, 0% used [0x00000000f2380000,0x00000000f2380000,0x00000000ff600000)
 ParOldGen       total 665600K, used 411924K [0x0000000089800000, 0x00000000b2200000, 0x00000000d8800000)
  object space 665600K, 61% used [0x0000000089800000,0x00000000a2a45078,0x00000000b2200000)
 Metaspace       used 14625K, capacity 14882K, committed 15232K, reserved 1062912K
  class space    used 1775K, capacity 1877K, committed 1920K, reserved 1048576K
Event: 25.780 GC heap after
Heap after GC invocations=13 (full 3):
 PSYoungGen      total 421376K, used 215552K [0x00000000d8800000, 0x0000000100000000, 0x0000000100000000)
  eden space 205824K, 0% used [0x00000000d8800000,0x00000000d8800000,0x00000000e5100000)
  from space 215552K, 100% used [0x00000000f2380000,0x00000000ff600000,0x00000000ff600000)
  to   space 215552K, 0% used [0x00000000e5100000,0x00000000e5100000,0x00000000f2380000)
 ParOldGen       total 665600K, used 562012K [0x0000000089800000, 0x00000000b2200000, 0x00000000d8800000)
  object space 665600K, 84% used [0x0000000089800000,0x00000000abcd7078,0x00000000b2200000)
 Metaspace       used 14625K, capacity 14882K, committed 15232K, reserved 1062912K
  class space    used 1775K, capacity 1877K, committed 1920K, reserved 1048576K
}
Event: 25.780 GC heap before
{Heap before GC invocations=14 (full 4):
 PSYoungGen      total 421376K, used 215552K [0x00000000d8800000, 0x0000000100000000, 0x0000000100000000)
  eden space 205824K, 0% used [0x00000000d8800000,0x00000000d8800000,0x00000000e5100000)
  from space 215552K, 100% used [0x00000000f2380000,0x00000000ff600000,0x00000000ff600000)
  to   space 215552K, 0% used [0x00000000e5100000,0x00000000e5100000,0x00000000f2380000)
 ParOldGen       total 665600K, used 562012K [0x0000000089800000, 0x00000000b2200000, 0x00000000d8800000)
  object space 665600K, 84% used [0x0000000089800000,0x00000000abcd7078,0x00000000b2200000)
 Metaspace       used 14625K, capacity 14882K, committed 15232K, reserved 1062912K
  class space    used 1775K, capacity 1877K, committed 1920K, reserved 1048576K

Deoptimization events (4 events):
Event: 1.237 Thread 0x00007f6bf8011800 Uncommon trap: reason=unstable_if action=reinterpret pc=0x00007f6be91e4760 method=org.powermock.core.WildcardMatcher.matches(Ljava/lang/String;Ljava/lang/String;)Z @ 130
Event: 1.706 Thread 0x00007f6bf8011800 Uncommon trap: reason=unstable_if action=reinterpret pc=0x00007f6be91b6310 method=sun.misc.URLClassPath$JarLoader.getResource(Ljava/lang/String;Z)Lsun/misc/Resource; @ 15
Event: 2.002 Thread 0x00007f6bf8011800 Uncommon trap: reason=null_assert action=make_not_entrant pc=0x00007f6be929239c method=java.util.zip.ZipEntry.<init>(Ljava/util/zip/ZipEntry;)V @ 70
Event: 2.177 Thread 0x00007f6bf8011800 Uncommon trap: reason=unstable_if action=reinterpret pc=0x00007f6be91bb320 method=java.lang.CharacterData.of(I)Ljava/lang/CharacterData; @ 4

Classes redefined (0 events):
No events

Internal exceptions (10 events):
Event: 0.477 Thread 0x00007f6bf8011800 Exception <a 'java/security/PrivilegedActionException'> (0x00000000d8c576f0) thrown at [/usr/local/google/home/ralucas/source/AOSP-openjdk-git/jdk8u/hotspot/src/share/vm/prims/jvm.cpp, line 1390]
Event: 0.477 Thread 0x00007f6bf8011800 Exception <a 'java/security/PrivilegedActionException'> (0x00000000d8c57900) thrown at [/usr/local/google/home/ralucas/source/AOSP-openjdk-git/jdk8u/hotspot/src/share/vm/prims/jvm.cpp, line 1390]
Event: 0.477 Thread 0x00007f6bf8011800 Exception <a 'java/security/PrivilegedActionException'> (0x00000000d8c585a0) thrown at [/usr/local/google/home/ralucas/source/AOSP-openjdk-git/jdk8u/hotspot/src/share/vm/prims/jvm.cpp, line 1390]
Event: 0.477 Thread 0x00007f6bf8011800 Exception <a 'java/security/PrivilegedActionException'> (0x00000000d8c587b0) thrown at [/usr/local/google/home/ralucas/source/AOSP-openjdk-git/jdk8u/hotspot/src/share/vm/prims/jvm.cpp, line 1390]
Event: 0.485 Thread 0x00007f6bf8011800 Exception <a 'java/security/PrivilegedActionException'> (0x00000000d8c81ce0) thrown at [/usr/local/google/home/ralucas/source/AOSP-openjdk-git/jdk8u/hotspot/src/share/vm/prims/jvm.cpp, line 1390]
Event: 0.485 Thread 0x00007f6bf8011800 Exception <a 'java/security/PrivilegedActionException'> (0x00000000d8c820d8) thrown at [/usr/local/google/home/ralucas/source/AOSP-openjdk-git/jdk8u/hotspot/src/share/vm/prims/jvm.cpp, line 1390]
Event: 0.485 Thread 0x00007f6bf8011800 Exception <a 'java/security/PrivilegedActionException'> (0x00000000d8c83290) thrown at [/usr/local/google/home/ralucas/source/AOSP-openjdk-git/jdk8u/hotspot/src/share/vm/prims/jvm.cpp, line 1390]
Event: 0.485 Thread 0x00007f6bf8011800 Exception <a 'java/security/PrivilegedActionException'> (0x00000000d8c83688) thrown at [/usr/local/google/home/ralucas/source/AOSP-openjdk-git/jdk8u/hotspot/src/share/vm/prims/jvm.cpp, line 1390]
Event: 1.407 Thread 0x00007f6bf8011800 Exception <a 'java/lang/NoSuchFieldError': method resolution failed> (0x00000000d9c4bb90) thrown at [/usr/local/google/home/ralucas/source/AOSP-openjdk-git/jdk8u/hotspot/src/share/vm/prims/methodHandles.cpp, line 1167]
Event: 1.409 Thread 0x00007f6bf8011800 Exception <a 'java/lang/NoSuchFieldError': method resolution failed> (0x00000000d9c59250) thrown at [/usr/local/google/home/ralucas/source/AOSP-openjdk-git/jdk8u/hotspot/src/share/vm/prims/methodHandles.cpp, line 1167]

Events (10 events):
Event: 11.064 Executing VM operation: RevokeBias done
Event: 14.449 Executing VM operation: ParallelGCFailedAllocation
Event: 17.558 Executing VM operation: ParallelGCFailedAllocation done
Event: 19.231 Executing VM operation: ParallelGCFailedAllocation
Event: 22.027 Executing VM operation: ParallelGCFailedAllocation done
Event: 22.726 Thread 0x00007f6bf8011800 DEOPT PACKING pc=0x00007f6be966bdc0 sp=0x00007f6c006fa520
Event: 22.726 Thread 0x00007f6bf8011800 DEOPT UNPACKING pc=0x00007f6be90474c4 sp=0x00007f6c006fa2c8 mode 0
Event: 23.214 Executing VM operation: ParallelGCFailedAllocation
Event: 23.532 Executing VM operation: ParallelGCFailedAllocation done
Event: 24.875 Executing VM operation: ParallelGCFailedAllocation


Dynamic libraries:
00400000-00401000 r-xp 00000000 fd:01 1717436                            /home/devbox/android-studio/jre/bin/java
00600000-00601000 r--p 00000000 fd:01 1717436                            /home/devbox/android-studio/jre/bin/java
00601000-00602000 rw-p 00001000 fd:01 1717436                            /home/devbox/android-studio/jre/bin/java
00e1f000-00e40000 rw-p 00000000 00:00 0                                  [heap]
89800000-b2200000 rw-p 00000000 00:00 0 
c7780000-d8800000 ---p 00000000 00:00 0 
d8800000-100000000 rw-p 00000000 00:00 0 
100000000-1001e0000 rw-p 00000000 00:00 0 
1001e0000-140000000 ---p 00000000 00:00 0 
7f6ba4000000-7f6ba4021000 rw-p 00000000 00:00 0 
7f6ba4021000-7f6ba8000000 ---p 00000000 00:00 0 
7f6ba8000000-7f6ba8021000 rw-p 00000000 00:00 0 
7f6ba8021000-7f6bac000000 ---p 00000000 00:00 0 
7f6bac000000-7f6bac021000 rw-p 00000000 00:00 0 
7f6bac021000-7f6bb0000000 ---p 00000000 00:00 0 
7f6bb0000000-7f6bb0021000 rw-p 00000000 00:00 0 
7f6bb0021000-7f6bb4000000 ---p 00000000 00:00 0 
7f6bb4000000-7f6bb523e000 rw-p 00000000 00:00 0 
7f6bb523e000-7f6bb8000000 ---p 00000000 00:00 0 
7f6bb8000000-7f6bb86e2000 rw-p 00000000 00:00 0 
7f6bb86e2000-7f6bbc000000 ---p 00000000 00:00 0 
7f6bbc000000-7f6bbc021000 rw-p 00000000 00:00 0 
7f6bbc021000-7f6bc0000000 ---p 00000000 00:00 0 
7f6bc0000000-7f6bc173b000 rw-p 00000000 00:00 0 
7f6bc173b000-7f6bc4000000 ---p 00000000 00:00 0 
7f6bc4000000-7f6bc4021000 rw-p 00000000 00:00 0 
7f6bc4021000-7f6bc8000000 ---p 00000000 00:00 0 
7f6bc8000000-7f6bc8021000 rw-p 00000000 00:00 0 
7f6bc8021000-7f6bcc000000 ---p 00000000 00:00 0 
7f6bcc000000-7f6bcc29a000 rw-p 00000000 00:00 0 
7f6bcc29a000-7f6bd0000000 ---p 00000000 00:00 0 
7f6bd20ea000-7f6bd20ed000 ---p 00000000 00:00 0 
7f6bd20ed000-7f6bd22eb000 rw-p 00000000 00:00 0 
7f6bd22eb000-7f6bd23eb000 ---p 00000000 00:00 0 
7f6bd23eb000-7f6bd25eb000 rw-p 00000000 00:00 0 
7f6bd25eb000-7f6bd27eb000 rw-p 00000000 00:00 0 
7f6bd27eb000-7f6bd27fd000 r--s 00345000 fd:01 1717551                    /home/devbox/android-studio/jre/jre/lib/resources.jar
7f6bd27fd000-7f6bd283a000 r--s 00276000 fd:01 2759307                    /home/devbox/AndroidStudioProjects/bluebotcontroller/app/build/generated/mockable-android-27.v3.jar
7f6bd283a000-7f6bd283c000 r--s 00008000 fd:01 263298                     /home/devbox/.gradle/caches/modules-2/files-2.1/classworlds/classworlds/1.1-alpha-2/5adf2e681c57d7f48038b602f3ca2254ee82d47/classworlds-1.1-alpha-2.jar
7f6bd283c000-7f6bd283d000 r--s 00001000 fd:01 263288                     /home/devbox/.gradle/caches/modules-2/files-2.1/xmlpull/xmlpull/1.1.3.1/2b8e230d2ab644e4ecaa94db7cdedbc40c805dfa/xmlpull-1.1.3.1.jar
7f6bd283d000-7f6bd2840000 r--s 00011000 fd:01 263299                     /home/devbox/.gradle/caches/modules-2/files-2.1/org.apache.maven/maven-artifact/2.2.1/23600f790d4dab2cb965419eaa982e3e84c428f8/maven-artifact-2.2.1.jar
7f6bd2840000-7f6bd2841000 r--s 00002000 fd:01 262452                     /home/devbox/.gradle/caches/modules-2/files-2.1/android.arch.core/common/1.1.0/8007981f7d7540d89cd18471b8e5dcd2b4f99167/common-1.1.0.jar
7f6bd2841000-7f6bd2845000 r--s 00034000 fd:01 263307                     /home/devbox/.gradle/caches/modules-2/files-2.1/org.codehaus.plexus/plexus-utils/1.5.15/c689598ce1eb94c304817877ed15911099972526/plexus-utils-1.5.15.jar
7f6bd2845000-7f6bd2847000 r--s 0000b000 fd:01 263306                     /home/devbox/.gradle/caches/modules-2/files-2.1/org.codehaus.plexus/plexus-interpolation/1.11/ad9dddff6043194904ad1d2c00ff1d003c3915f7/plexus-interpolation-1.11.jar
7f6bd2847000-7f6bd2848000 r--s 00002000 fd:01 263271                     /home/devbox/.gradle/caches/modules-2/files-2.1/org.robolectric/junit/3.8/5e5f6e601446330afa7acb04ffe80ef081e6f618/junit-3.8.jar
7f6bd2848000-7f6bd2849000 r--s 0000c000 fd:01 262487                     /home/devbox/.gradle/caches/modules-2/files-2.1/org.hamcrest/hamcrest-library/1.3/4785a3c21320980282f9f33d0d1264a69040538f/hamcrest-library-1.3.jar
7f6bd2849000-7f6bd284a000 r--s 00002000 fd:01 6693418                    /home/devbox/.gradle/caches/transforms-1/files-1.1/livedata-core-1.1.0.aar/43df97fbc2302cb626b94fc9ffad86dc/jars/classes.jar
7f6bd284a000-7f6bd284f000 r--s 00022000 fd:01 263269                     /home/devbox/.gradle/caches/modules-2/files-2.1/com.google.android.apps.common.testing.accessibility.framework/accessibility-test-framework/2.1/c2d6267c3ad0435ddf9e27a94a0e0af4ca3fdfbb/accessibility-test-framework-2.1.jar
7f6bd284f000-7f6bd2851000 r--s 00000000 fd:01 8787584                    /home/devbox/.gradle/caches/transforms-1/files-1.1/espresso-idling-resource-3.0.2.aar/11858954990cbceec422b9815333f02b/jars/classes.jar
7f6bd2851000-7f6bd2854000 r--s 00025000 fd:01 263272                     /home/devbox/.gradle/caches/modules-2/files-2.1/org.robolectric/resources/3.8/1b1f2d3a0fdc1381a8d19a801241f5e271adcc58/resources-3.8.jar
7f6bd2854000-7f6bd2885000 r--s 00200000 fd:01 262893                     /home/devbox/.gradle/caches/modules-2/files-2.1/io.reactivex.rxjava2/rxjava/2.1.14/20dbf7496e417da474eda12717bf4653dbbd5a6b/rxjava-2.1.14.jar
7f6bd2885000-7f6bd2887000 r--s 00009000 fd:01 262489                     /home/devbox/.gradle/caches/modules-2/files-2.1/org.hamcrest/hamcrest-core/1.3/42a25dc3219429f0e5d060061f71acb49bf010a0/hamcrest-core-1.3.jar
7f6bd2887000-7f6bd288f000 r--s 00045000 fd:01 262482                     /home/devbox/.gradle/caches/modules-2/files-2.1/junit/junit/4.12/2973d150c0dc1fefe998f834810d68f278ea58ec/junit-4.12.jar
7f6bd288f000-7f6bd2891000 r--s 00001000 fd:01 10096443                   /home/devbox/.gradle/caches/transforms-1/files-1.1/rxandroid-2.0.2.aar/43dba190137bffcd704161b335c6c71a/jars/classes.jar
7f6bd2891000-7f6bd2893000 r--s 00005000 fd:01 263303                     /home/devbox/.gradle/caches/modules-2/files-2.1/org.apache.maven/maven-repository-metadata/2.2.1/98f0c07fcf1eeb213bef8d9316a9935184084b06/maven-repository-metadata-2.2.1.jar
7f6bd2893000-7f6bd2899000 r--s 00045000 fd:01 262952                     /home/devbox/.gradle/caches/modules-2/files-2.1/org.hamcrest/hamcrest-all/1.3/63a21ebc981131004ad02e0434e799fd7f3a8d5a/hamcrest-all-1.3.jar
7f6bd2899000-7f6bd289b000 r--s 00014000 fd:01 263300                     /home/devbox/.gradle/caches/modules-2/files-2.1/org.apache.maven/maven-model/2.2.1/c0a1c17436ec3ff5a56207c031d82277b4250a29/maven-model-2.2.1.jar
7f6bd289b000-7f6bd28ae000 r--s 0008f000 fd:01 9308473                    /home/devbox/.gradle/caches/transforms-1/files-1.1/espresso-core-3.0.2.aar/649da6220f921b79761699b4132504fd/jars/classes.jar
7f6bd28ae000-7f6bd28b0000 r--s 00008000 fd:01 263311                     /home/devbox/.gradle/caches/modules-2/files-2.1/nekohtml/xercesMinimal/1.9.6.2/d1c5e063683a0e6f77cd5f051a9d4af48346fa6/xercesMinimal-1.9.6.2.jar
7f6bd28b0000-7f6bd28b3000 r--s 00019000 fd:01 263310                     /home/devbox/.gradle/caches/modules-2/files-2.1/nekohtml/nekohtml/1.9.6.2/2d960be7b62ae6622dbbbe49ab4ffdc609f85c80/nekohtml-1.9.6.2.jar
7f6bd28b3000-7f6bd28b5000 r--s 00007000 fd:01 263295                     /home/devbox/.gradle/caches/modules-2/files-2.1/org.apache.maven/maven-profile/2.2.1/3950071587027e5086e9c395574a60650c432738/maven-profile-2.2.1.jar
7f6bd28b5000-7f6bd28b7000 r--s 00009000 fd:01 263283                     /home/devbox/.gradle/caches/modules-2/files-2.1/org.ow2.asm/asm-commons/5.0.1/7b7147a390a93a14d2edfdcf3f7b0e87a0939c3e/asm-commons-5.0.1.jar
7f6bd28b7000-7f6bd290e000 r--s 008ec000 fd:01 263287                     /home/devbox/.gradle/caches/modules-2/files-2.1/com.ibm.icu/icu4j/53.1/786d9055d4ca8c1aab4a7d4ac8283f973fd7e41f/icu4j-53.1.jar
7f6bd290e000-7f6bd2924000 r-xp 00000000 fd:01 1717527                    /home/devbox/android-studio/jre/jre/lib/amd64/libnet.so
7f6bd2924000-7f6bd2b24000 ---p 00016000 fd:01 1717527                    /home/devbox/android-studio/jre/jre/lib/amd64/libnet.so
7f6bd2b24000-7f6bd2b25000 r--p 00016000 fd:01 1717527                    /home/devbox/android-studio/jre/jre/lib/amd64/libnet.so
7f6bd2b25000-7f6bd2b26000 rw-p 00017000 fd:01 1717527                    /home/devbox/android-studio/jre/jre/lib/amd64/libnet.so
7f6bd2b26000-7f6bd2b29000 ---p 00000000 00:00 0 
7f6bd2b29000-7f6bd2c27000 rw-p 00000000 00:00 0 
7f6bd2c27000-7f6bd2c28000 ---p 00000000 00:00 0 
7f6bd2c28000-7f6bd2d28000 rw-p 00000000 00:00 0 
7f6bd2d28000-7f6bd2d2b000 ---p 00000000 00:00 0 
7f6bd2d2b000-7f6bd2e29000 rw-p 00000000 00:00 0 
7f6bd2e29000-7f6bd2e2a000 ---p 00000000 00:00 0 
7f6bd2e2a000-7f6bd2e2d000 ---p 00000000 00:00 0 
7f6bd2e2d000-7f6bd2f2a000 rw-p 00000000 00:00 0 
7f6bd2f2a000-7f6bd2f2b000 ---p 00000000 00:00 0 
7f6bd2f2b000-7f6bd2f2e000 ---p 00000000 00:00 0 
7f6bd2f2e000-7f6bd302b000 rw-p 00000000 00:00 0 
7f6bd302b000-7f6bd302c000 ---p 00000000 00:00 0 
7f6bd302c000-7f6bd302f000 ---p 00000000 00:00 0 
7f6bd302f000-7f6bd312c000 rw-p 00000000 00:00 0 
7f6bd312c000-7f6bd312f000 ---p 00000000 00:00 0 
7f6bd312f000-7f6bd322d000 rw-p 00000000 00:00 0 
7f6bd322d000-7f6bd3bfc000 r--p 00000000 fd:01 6429303                    /usr/lib/locale/locale-archive
7f6bd3bfc000-7f6bd3bff000 ---p 00000000 00:00 0 
7f6bd3bff000-7f6bd3cfd000 rw-p 00000000 00:00 0 
7f6bd3cfd000-7f6bd3d00000 ---p 00000000 00:00 0 
7f6bd3d00000-7f6bd3dfe000 rw-p 00000000 00:00 0 
7f6bd3dfe000-7f6bd3dff000 ---p 00000000 00:00 0 
7f6bd3dff000-7f6bd4000000 rw-p 00000000 00:00 0 
7f6bd4000000-7f6bd4021000 rw-p 00000000 00:00 0 
7f6bd4021000-7f6bd8000000 ---p 00000000 00:00 0 
7f6bd8000000-7f6bd8021000 rw-p 00000000 00:00 0 
7f6bd8021000-7f6bdc000000 ---p 00000000 00:00 0 
7f6bdc000000-7f6bdc021000 rw-p 00000000 00:00 0 
7f6bdc021000-7f6be0000000 ---p 00000000 00:00 0 
7f6be0000000-7f6be0001000 r--s 00002000 fd:01 263290                     /home/devbox/.gradle/caches/modules-2/files-2.1/org.apache.ant/ant-launcher/1.8.0/8b53ba16fa62fb1034da8f1de200ddc407c8381/ant-launcher-1.8.0.jar
7f6be0001000-7f6be0004000 r--s 00017000 fd:01 3414728                    /home/devbox/.gradle/caches/transforms-1/files-1.1/support-core-utils-27.1.1.aar/55bbffec8e7dee062ff0c88413de0d28/jars/classes.jar
7f6be0004000-7f6be0006000 r--s 00005000 fd:01 263304                     /home/devbox/.gradle/caches/modules-2/files-2.1/org.apache.maven.wagon/wagon-http-shared/1.0-beta-6/ccd70d7e0d8c085e648a83f072da06ca9a53be94/wagon-http-shared-1.0-beta-6.jar
7f6be0006000-7f6be0007000 r--s 00007000 fd:01 4068683                    /home/devbox/.gradle/caches/transforms-1/files-1.1/support-vector-drawable-27.1.1.aar/dc12a8176e6cc4cb728ef679a7e90452/jars/classes.jar
7f6be0007000-7f6be0008000 r--s 00000000 fd:01 262851                     /home/devbox/.gradle/caches/modules-2/files-2.1/org.reactivestreams/reactive-streams/1.0.2/323964c36556eb0e6209f65c1cef72b53b461ab8/reactive-streams-1.0.2.jar
7f6be0008000-7f6be0010000 r--s 0008a000 fd:01 263308                     /home/devbox/.gradle/caches/modules-2/files-2.1/com.google.protobuf/protobuf-java/2.6.1/d9521f2aecb909835746b7a5facf612af5e890e8/protobuf-java-2.6.1.jar
7f6be0010000-7f6be0012000 r--s 00009000 fd:01 262954                     /home/devbox/.gradle/caches/modules-2/files-2.1/org.objenesis/objenesis/2.1/87c0ea803b69252868d09308b4618f766f135a96/objenesis-2.1.jar
7f6be0012000-7f6be0013000 r--s 00001000 fd:01 6563647                    /home/devbox/.gradle/caches/transforms-1/files-1.1/viewmodel-1.1.0.aar/d1c5f4e2c0ac2f6388fa2019464255bb/jars/classes.jar
7f6be0013000-7f6be002c000 r--s 00129000 fd:01 263276                     /home/devbox/.gradle/caches/modules-2/files-2.1/org.apache.maven/maven-ant-tasks/2.1.3/b09be554228d66d208e5fef5266844aacf443abc/maven-ant-tasks-2.1.3.jar
7f6be002c000-7f6be002d000 r--s 00003000 fd:01 263361                     /home/devbox/.gradle/caches/modules-2/files-2.1/org.powermock/powermock-module-junit4-common/1.6.4/b0b578da443794ceb8224bd5f5f852aaf40f1b81/powermock-module-junit4-common-1.6.4.jar
7f6be002d000-7f6be0039000 r--s 00080000 fd:01 5641415                    /home/devbox/.gradle/caches/transforms-1/files-1.1/support-compat-27.1.1.aar/50d0b40801f2541c1068bab209bb6ab7/jars/classes.jar
7f6be0039000-7f6be003a000 r--s 00008000 fd:01 2627298                    /home/devbox/.gradle/caches/transforms-1/files-1.1/animated-vector-drawable-27.1.1.aar/56d8eb3d1661f4c240aee23f53f6b12a/jars/classes.jar
7f6be003a000-7f6be0056000 r--s 00103000 fd:01 263086                     /home/devbox/.gradle/caches/modules-2/files-2.1/org.mockito/mockito-core/1.10.19/e8546f5bef4e061d8dd73895b4e8f40e3fe6effe/mockito-core-1.10.19.jar
7f6be0056000-7f6be0058000 r--s 00006000 fd:01 263284                     /home/devbox/.gradle/caches/modules-2/files-2.1/org.ow2.asm/asm-tree/5.0.1/1b1e6e9d869acd704056d0a4223071a511c619e6/asm-tree-5.0.1.jar
7f6be0058000-7f6be005a000 r--s 00005000 fd:01 262445                     /home/devbox/.gradle/caches/modules-2/files-2.1/com.android.support/support-annotations/27.1.1/39ded76b5e1ce1c5b2688e1d25cdc20ecee32007/support-annotations-27.1.1.jar
7f6be005a000-7f6be005c000 r--s 00006000 fd:01 263296                     /home/devbox/.gradle/caches/modules-2/files-2.1/org.apache.maven/maven-plugin-registry/2.2.1/72a24b7775649af78f3986b5aa7eb354b9674cfd/maven-plugin-registry-2.2.1.jar
7f6be005c000-7f6be005f000 r--s 00016000 fd:01 263270                     /home/devbox/.gradle/caches/modules-2/files-2.1/org.robolectric/robolectric/3.8/a9d7b74a972fb89d056d24a40b12a63feded7e4/robolectric-3.8.jar
7f6be005f000-7f6be0060000 r--s 0000c000 fd:01 263285                     /home/devbox/.gradle/caches/modules-2/files-2.1/org.ow2.asm/asm/5.0.1/2fd56467a018aafe6ec6a73ccba520be4a7e1565/asm-5.0.1.jar
7f6be0060000-7f6be0061000 r--s 00003000 fd:01 263275                     /home/devbox/.gradle/caches/modules-2/files-2.1/org.robolectric/annotations/3.8/22b6388f900ddcf4f1bbfd3c93dadc2b77184633/annotations-3.8.jar
7f6be0061000-7f6be0066000 r--s 00029000 fd:01 8398544                    /home/devbox/.gradle/caches/transforms-1/files-1.1/runner-1.0.2.aar/02340e6c4c5ef4578e6cc2190e8dc222/jars/classes.jar
7f6be0066000-7f6be0073000 r--s 00077000 fd:01 263279                     /home/devbox/.gradle/caches/modules-2/files-2.1/com.thoughtworks.xstream/xstream/1.4.8/520d90f30f36a0d6ba2dc929d980831631ad6a92/xstream-1.4.8.jar
7f6be0073000-7f6be00b3000 r--s 00285000 fd:01 263278                     /home/devbox/.gradle/caches/modules-2/files-2.1/org.bouncycastle/bcprov-jdk15on/1.52/88a941faf9819d371e3174b5ed56a3f3f7d73269/bcprov-jdk15on-1.52.jar
7f6be00b3000-7f6be00ba000 r--s 00029000 fd:01 263297                     /home/devbox/.gradle/caches/modules-2/files-2.1/org.codehaus.plexus/plexus-container-default/1.0-alpha-9-stable-1/94aea3010e250a334d9dab7f591114cd6c767458/plexus-container-default-1.0-alpha-9-stable-1.jar
7f6be00ba000-7f6be00bc000 r--s 00003000 fd:01 263281                     /home/devbox/.gradle/caches/modules-2/files-2.1/org.robolectric/shadowapi/3.8/d638f001e81ef737bb35db2964312360cc996a94/shadowapi-3.8.jar
7f6be00bc000-7f6be4000000 rw-p 00000000 00:00 0 
7f6be4000000-7f6be4021000 rw-p 00000000 00:00 0 
7f6be4021000-7f6be8000000 ---p 00000000 00:00 0 
7f6be8000000-7f6be8001000 r--s 00002000 fd:01 7082332                    /home/devbox/.gradle/caches/transforms-1/files-1.1/runtime-1.1.0.aar/6fec991e475542620798d88c98135455/jars/classes.jar
7f6be8001000-7f6be8003000 r--s 00017000 fd:01 263273                     /home/devbox/.gradle/caches/modules-2/files-2.1/org.robolectric/sandbox/3.8/e3eecf2fd24866cf73c6aaa5880a6cbec2570b0a/sandbox-3.8.jar
7f6be8003000-7f6be8004000 r--s 0000b000 fd:01 263294                     /home/devbox/.gradle/caches/modules-2/files-2.1/org.apache.maven/maven-settings/2.2.1/2236ffe71fa5f78ce42b0f5fc22c54ed45f14294/maven-settings-2.2.1.jar
7f6be8004000-7f6be8006000 r--s 0000f000 fd:01 263292                     /home/devbox/.gradle/caches/modules-2/files-2.1/org.apache.maven/maven-artifact-manager/2.2.1/ec355b913c34d37080810f98e3f51abecbe1572b/maven-artifact-manager-2.2.1.jar
7f6be8006000-7f6be8008000 r--s 0000a000 fd:01 263360                     /home/devbox/.gradle/caches/modules-2/files-2.1/org.powermock/powermock-module-junit4/1.6.4/8692eb1d9bb8eb1310ffe8a20c2da7ee6d1b5994/powermock-module-junit4-1.6.4.jar
7f6be8008000-7f6be8017000 r--s 002b7000 fd:01 263277                     /home/devbox/.gradle/caches/modules-2/files-2.1/org.robolectric/shadows-framework/3.8/c64e0a9b3cda8deb2293231b1fd46acdd69e84f4/shadows-framework-3.8.jar
7f6be8017000-7f6be801a000 r--s 0001d000 fd:01 263286                     /home/devbox/.gradle/caches/modules-2/files-2.1/com.almworks.sqlite4java/sqlite4java/0.282/745a7e2f35fdbe6336922e0d492c979dbbfa74fb/sqlite4java-0.282.jar
7f6be801a000-7f6be8024000 r--s 000ae000 fd:01 263087                     /home/devbox/.gradle/caches/modules-2/files-2.1/org.javassist/javassist/3.20.0-GA/a9cbcdfb7e9f86fbc74d3afae65f2248bfbf82a0/javassist-3.20.0-GA.jar
7f6be8024000-7f6be8027000 r--s 00017000 fd:01 263363                     /home/devbox/.gradle/caches/modules-2/files-2.1/org.powermock/powermock-core/1.6.4/85fb32e9ccba748d569fc36aef92e0b9e7f40b87/powermock-core-1.6.4.jar
7f6be8027000-7f6be8032000 r--s 000a0000 fd:01 7874974                    /home/devbox/.gradle/caches/transforms-1/files-1.1/appcompat-v7-27.1.1.aar/6f6442a10b86294809d01a57f0292329/jars/classes.jar
7f6be8032000-7f6be8061000 r--s 00226000 fd:01 263282                     /home/devbox/.gradle/caches/modules-2/files-2.1/com.google.guava/guava/20.0/89507701249388e1ed5ddcf8c41f4ce1be7831ef/guava-20.0.jar
7f6be8061000-7f6be8064000 r--s 0000e000 fd:01 8011099                    /home/devbox/.gradle/caches/transforms-1/files-1.1/monitor-1.0.2.aar/79b0217a6da97a2f20f4b9dd8c8aa2a2/jars/classes.jar
7f6be8064000-7f6be8065000 r--s 00001000 fd:01 7481162                    /home/devbox/.gradle/caches/transforms-1/files-1.1/runtime-1.1.0.aar/cd27b8a67b51991b545655562b044a4e/jars/classes.jar
7f6be8065000-7f6be9000000 rw-p 00000000 00:00 0 
7f6be9000000-7f6be96d0000 rwxp 00000000 00:00 0 
7f6be96d0000-7f6bf8000000 ---p 00000000 00:00 0 
7f6bf8000000-7f6bf88dd000 rw-p 00000000 00:00 0 
7f6bf88dd000-7f6bfc000000 ---p 00000000 00:00 0 
7f6bfc000000-7f6bfc004000 r--s 00029000 fd:01 2758810                    /home/devbox/.gradle/caches/transforms-1/files-1.1/support-fragment-27.1.1.aar/34c19110e9717c550d86d9a920fe8360/jars/classes.jar
7f6bfc004000-7f6bfc006000 r--s 00006000 fd:01 263274                     /home/devbox/.gradle/caches/modules-2/files-2.1/org.robolectric/utils/3.8/d6b553afcb6966d1dff4eb338684d85554674e25/utils-3.8.jar
7f6bfc006000-7f6bfc01d000 r--s 00159000 fd:01 263280                     /home/devbox/.gradle/caches/modules-2/files-2.1/org.apache.ant/ant/1.8.0/7b456ca6b93900f96e58cc8371f03d90a9c1c8d1/ant-1.8.0.jar
7f6bfc01d000-7f6bfc38f000 rw-p 00000000 00:00 0 
7f6bfc38f000-7f6bfc55f000 r--s 03c46000 fd:01 1717564                    /home/devbox/android-studio/jre/jre/lib/rt.jar
7f6bfc55f000-7f6bfc989000 rw-p 00000000 00:00 0 
7f6bfc989000-7f6bfc98a000 ---p 00000000 00:00 0 
7f6bfc98a000-7f6bfca8a000 rw-p 00000000 00:00 0 
7f6bfca8a000-7f6bfca8b000 ---p 00000000 00:00 0 
7f6bfca8b000-7f6bfcb8b000 rw-p 00000000 00:00 0 
7f6bfcb8b000-7f6bfcb8c000 ---p 00000000 00:00 0 
7f6bfcb8c000-7f6bfcc8c000 rw-p 00000000 00:00 0 
7f6bfcc8c000-7f6bfcc8d000 ---p 00000000 00:00 0 
7f6bfcc8d000-7f6bfced2000 rw-p 00000000 00:00 0 
7f6bfced2000-7f6bfd005000 ---p 00000000 00:00 0 
7f6bfd005000-7f6bfd14a000 rw-p 00000000 00:00 0 
7f6bfd14a000-7f6bfd27d000 ---p 00000000 00:00 0 
7f6bfd27d000-7f6bfd3b9000 rw-p 00000000 00:00 0 
7f6bfd3b9000-7f6bfd3d6000 rw-p 00000000 00:00 0 
7f6bfd3d6000-7f6bfd77a000 ---p 00000000 00:00 0 
7f6bfd77a000-7f6bfd794000 r-xp 00000000 fd:01 1717523                    /home/devbox/android-studio/jre/jre/lib/amd64/libzip.so
7f6bfd794000-7f6bfd994000 ---p 0001a000 fd:01 1717523                    /home/devbox/android-studio/jre/jre/lib/amd64/libzip.so
7f6bfd994000-7f6bfd995000 r--p 0001a000 fd:01 1717523                    /home/devbox/android-studio/jre/jre/lib/amd64/libzip.so
7f6bfd995000-7f6bfd996000 rw-p 0001b000 fd:01 1717523                    /home/devbox/android-studio/jre/jre/lib/amd64/libzip.so
7f6bfd996000-7f6bfd9a1000 r-xp 00000000 fd:01 11670201                   /lib/x86_64-linux-gnu/libnss_files-2.27.so
7f6bfd9a1000-7f6bfdba0000 ---p 0000b000 fd:01 11670201                   /lib/x86_64-linux-gnu/libnss_files-2.27.so
7f6bfdba0000-7f6bfdba1000 r--p 0000a000 fd:01 11670201                   /lib/x86_64-linux-gnu/libnss_files-2.27.so
7f6bfdba1000-7f6bfdba2000 rw-p 0000b000 fd:01 11670201                   /lib/x86_64-linux-gnu/libnss_files-2.27.so
7f6bfdba2000-7f6bfdba8000 rw-p 00000000 00:00 0 
7f6bfdba8000-7f6bfdbbf000 r-xp 00000000 fd:01 11670195                   /lib/x86_64-linux-gnu/libnsl-2.27.so
7f6bfdbbf000-7f6bfddbe000 ---p 00017000 fd:01 11670195                   /lib/x86_64-linux-gnu/libnsl-2.27.so
7f6bfddbe000-7f6bfddbf000 r--p 00016000 fd:01 11670195                   /lib/x86_64-linux-gnu/libnsl-2.27.so
7f6bfddbf000-7f6bfddc0000 rw-p 00017000 fd:01 11670195                   /lib/x86_64-linux-gnu/libnsl-2.27.so
7f6bfddc0000-7f6bfddc2000 rw-p 00000000 00:00 0 
7f6bfddc2000-7f6bfddcd000 r-xp 00000000 fd:01 11670212                   /lib/x86_64-linux-gnu/libnss_nis-2.27.so
7f6bfddcd000-7f6bfdfcc000 ---p 0000b000 fd:01 11670212                   /lib/x86_64-linux-gnu/libnss_nis-2.27.so
7f6bfdfcc000-7f6bfdfcd000 r--p 0000a000 fd:01 11670212                   /lib/x86_64-linux-gnu/libnss_nis-2.27.so
7f6bfdfcd000-7f6bfdfce000 rw-p 0000b000 fd:01 11670212                   /lib/x86_64-linux-gnu/libnss_nis-2.27.so
7f6bfdfce000-7f6bfdfd6000 r-xp 00000000 fd:01 11670197                   /lib/x86_64-linux-gnu/libnss_compat-2.27.so
7f6bfdfd6000-7f6bfe1d6000 ---p 00008000 fd:01 11670197                   /lib/x86_64-linux-gnu/libnss_compat-2.27.so
7f6bfe1d6000-7f6bfe1d7000 r--p 00008000 fd:01 11670197                   /lib/x86_64-linux-gnu/libnss_compat-2.27.so
7f6bfe1d7000-7f6bfe1d8000 rw-p 00009000 fd:01 11670197                   /lib/x86_64-linux-gnu/libnss_compat-2.27.so
7f6bfe1d8000-7f6bfe205000 r-xp 00000000 fd:01 1717531                    /home/devbox/android-studio/jre/jre/lib/amd64/libjava.so
7f6bfe205000-7f6bfe404000 ---p 0002d000 fd:01 1717531                    /home/devbox/android-studio/jre/jre/lib/amd64/libjava.so
7f6bfe404000-7f6bfe405000 r--p 0002c000 fd:01 1717531                    /home/devbox/android-studio/jre/jre/lib/amd64/libjava.so
7f6bfe405000-7f6bfe407000 rw-p 0002d000 fd:01 1717531                    /home/devbox/android-studio/jre/jre/lib/amd64/libjava.so
7f6bfe407000-7f6bfe417000 r-xp 00000000 fd:01 1717519                    /home/devbox/android-studio/jre/jre/lib/amd64/libverify.so
7f6bfe417000-7f6bfe616000 ---p 00010000 fd:01 1717519                    /home/devbox/android-studio/jre/jre/lib/amd64/libverify.so
7f6bfe616000-7f6bfe618000 r--p 0000f000 fd:01 1717519                    /home/devbox/android-studio/jre/jre/lib/amd64/libverify.so
7f6bfe618000-7f6bfe619000 rw-p 00011000 fd:01 1717519                    /home/devbox/android-studio/jre/jre/lib/amd64/libverify.so
7f6bfe619000-7f6bfe620000 r-xp 00000000 fd:01 11670252                   /lib/x86_64-linux-gnu/librt-2.27.so
7f6bfe620000-7f6bfe81f000 ---p 00007000 fd:01 11670252                   /lib/x86_64-linux-gnu/librt-2.27.so
7f6bfe81f000-7f6bfe820000 r--p 00006000 fd:01 11670252                   /lib/x86_64-linux-gnu/librt-2.27.so
7f6bfe820000-7f6bfe821000 rw-p 00007000 fd:01 11670252                   /lib/x86_64-linux-gnu/librt-2.27.so
7f6bfe821000-7f6bfe9be000 r-xp 00000000 fd:01 11670174                   /lib/x86_64-linux-gnu/libm-2.27.so
7f6bfe9be000-7f6bfebbd000 ---p 0019d000 fd:01 11670174                   /lib/x86_64-linux-gnu/libm-2.27.so
7f6bfebbd000-7f6bfebbe000 r--p 0019c000 fd:01 11670174                   /lib/x86_64-linux-gnu/libm-2.27.so
7f6bfebbe000-7f6bfebbf000 rw-p 0019d000 fd:01 11670174                   /lib/x86_64-linux-gnu/libm-2.27.so
7f6bfebbf000-7f6bff7bb000 r-xp 00000000 fd:01 1717541                    /home/devbox/android-studio/jre/jre/lib/amd64/server/libjvm.so
7f6bff7bb000-7f6bff9bb000 ---p 00bfc000 fd:01 1717541                    /home/devbox/android-studio/jre/jre/lib/amd64/server/libjvm.so
7f6bff9bb000-7f6bffa5b000 r--p 00bfc000 fd:01 1717541                    /home/devbox/android-studio/jre/jre/lib/amd64/server/libjvm.so
7f6bffa5b000-7f6bffa84000 rw-p 00c9c000 fd:01 1717541                    /home/devbox/android-studio/jre/jre/lib/amd64/server/libjvm.so
7f6bffa84000-7f6bffac8000 rw-p 00000000 00:00 0 
7f6bffac8000-7f6bffae2000 r-xp 00000000 fd:01 11670244                   /lib/x86_64-linux-gnu/libpthread-2.27.so
7f6bffae2000-7f6bffce1000 ---p 0001a000 fd:01 11670244                   /lib/x86_64-linux-gnu/libpthread-2.27.so
7f6bffce1000-7f6bffce2000 r--p 00019000 fd:01 11670244                   /lib/x86_64-linux-gnu/libpthread-2.27.so
7f6bffce2000-7f6bffce3000 rw-p 0001a000 fd:01 11670244                   /lib/x86_64-linux-gnu/libpthread-2.27.so
7f6bffce3000-7f6bffce7000 rw-p 00000000 00:00 0 
7f6bffce7000-7f6bffcea000 r-xp 00000000 fd:01 11670134                   /lib/x86_64-linux-gnu/libdl-2.27.so
7f6bffcea000-7f6bffee9000 ---p 00003000 fd:01 11670134                   /lib/x86_64-linux-gnu/libdl-2.27.so
7f6bffee9000-7f6bffeea000 r--p 00002000 fd:01 11670134                   /lib/x86_64-linux-gnu/libdl-2.27.so
7f6bffeea000-7f6bffeeb000 rw-p 00003000 fd:01 11670134                   /lib/x86_64-linux-gnu/libdl-2.27.so
7f6bffeeb000-7f6c000d2000 r-xp 00000000 fd:01 11670111                   /lib/x86_64-linux-gnu/libc-2.27.so
7f6c000d2000-7f6c002d2000 ---p 001e7000 fd:01 11670111                   /lib/x86_64-linux-gnu/libc-2.27.so
7f6c002d2000-7f6c002d6000 r--p 001e7000 fd:01 11670111                   /lib/x86_64-linux-gnu/libc-2.27.so
7f6c002d6000-7f6c002d8000 rw-p 001eb000 fd:01 11670111                   /lib/x86_64-linux-gnu/libc-2.27.so
7f6c002d8000-7f6c002dc000 rw-p 00000000 00:00 0 
7f6c002dc000-7f6c002f2000 r-xp 00000000 fd:01 1717424                    /home/devbox/android-studio/jre/lib/amd64/jli/libjli.so
7f6c002f2000-7f6c004f1000 ---p 00016000 fd:01 1717424                    /home/devbox/android-studio/jre/lib/amd64/jli/libjli.so
7f6c004f1000-7f6c004f2000 r--p 00015000 fd:01 1717424                    /home/devbox/android-studio/jre/lib/amd64/jli/libjli.so
7f6c004f2000-7f6c004f3000 rw-p 00016000 fd:01 1717424                    /home/devbox/android-studio/jre/lib/amd64/jli/libjli.so
7f6c004f3000-7f6c0051a000 r-xp 00000000 fd:01 11670083                   /lib/x86_64-linux-gnu/ld-2.27.so
7f6c0051a000-7f6c0051c000 r--s 00005000 fd:01 263289                     /home/devbox/.gradle/caches/modules-2/files-2.1/xpp3/xpp3_min/1.1.4c/19d4e90b43059058f6e056f794f0ea4030d60b86/xpp3_min-1.1.4c.jar
7f6c0051c000-7f6c00520000 r--s 00015000 fd:01 263362                     /home/devbox/.gradle/caches/modules-2/files-2.1/org.powermock/powermock-api-mockito/1.6.4/fe12509b7e9e49d25131f4155145748a31e42e40/powermock-api-mockito-1.6.4.jar
7f6c00520000-7f6c00521000 r--s 00004000 fd:01 263364                     /home/devbox/.gradle/caches/modules-2/files-2.1/org.powermock/powermock-api-support/1.6.4/314daafb761541293595630e10a3699ebc07881d/powermock-api-support-1.6.4.jar
7f6c00521000-7f6c00525000 r--s 00043000 fd:01 4986056                    /home/devbox/.gradle/caches/transforms-1/files-1.1/support-core-ui-27.1.1.aar/5f61e71ce2f039aed2481b2208c7bb14/jars/classes.jar
7f6c00525000-7f6c00527000 r--s 0000a000 fd:01 263365                     /home/devbox/.gradle/caches/modules-2/files-2.1/org.powermock/powermock-reflect/1.6.4/5532f4e7c42db4bca4778bc9f1afcd4b0ee0b893/powermock-reflect-1.6.4.jar
7f6c00527000-7f6c00529000 r--s 0000b000 fd:01 263305                     /home/devbox/.gradle/caches/modules-2/files-2.1/org.apache.maven.wagon/wagon-provider-api/1.0-beta-6/3f952e0282ae77ae59851d96bb18015e520b6208/wagon-provider-api-1.0-beta-6.jar
7f6c00529000-7f6c0052a000 r--s 00002000 fd:01 263301                     /home/devbox/.gradle/caches/modules-2/files-2.1/org.apache.maven.wagon/wagon-file/1.0-beta-6/6c53633505460caf49d2660de1e24744d915afb9/wagon-file-1.0-beta-6.jar
7f6c0052a000-7f6c0052e000 r--s 00023000 fd:01 263291                     /home/devbox/.gradle/caches/modules-2/files-2.1/org.apache.maven/maven-project/2.2.1/8239e98c16f641d55a4ad0e0bab0aee3aff8933f/maven-project-2.2.1.jar
7f6c0052e000-7f6c0052f000 r--s 00003000 fd:01 263302                     /home/devbox/.gradle/caches/modules-2/files-2.1/org.apache.maven.wagon/wagon-http-lightweight/1.0-beta-6/b3815078570c3b1f0667e123d59717c6b726c6c2/wagon-http-lightweight-1.0-beta-6.jar
7f6c0052f000-7f6c00531000 r--s 00002000 fd:01 263293                     /home/devbox/.gradle/caches/modules-2/files-2.1/org.apache.maven/maven-error-diagnostics/2.2.1/e81bb342d7d172f23d108dc8fa979a1facdcde8e/maven-error-diagnostics-2.2.1.jar
7f6c00531000-7f6c00533000 r--s 00004000 fd:01 262450                     /home/devbox/.gradle/caches/modules-2/files-2.1/android.arch.lifecycle/common/1.1.0/edf3f7bfb84a7521d0599efa3b0113a0ee90f85/common-1.1.0.jar
7f6c00533000-7f6c005fd000 rw-p 00000000 00:00 0 
7f6c005fd000-7f6c005fe000 ---p 00000000 00:00 0 
7f6c005fe000-7f6c00601000 ---p 00000000 00:00 0 
7f6c00601000-7f6c00700000 rw-p 00000000 00:00 0 
7f6c00700000-7f6c00708000 r--s 00049000 fd:01 263309                     /home/devbox/.gradle/caches/modules-2/files-2.1/backport-util-concurrent/backport-util-concurrent/3.1/682f7ac17fed79e92f8e87d8455192b63376347b/backport-util-concurrent-3.1.jar
7f6c00708000-7f6c00709000 r--s 00008000 fd:01 1977533                    /home/devbox/android-studio/plugins/junit/lib/junit5-rt.jar
7f6c00709000-7f6c0070c000 r--s 0001f000 fd:01 1977522                    /home/devbox/android-studio/plugins/junit/lib/junit-rt.jar
7f6c0070c000-7f6c0070e000 r--s 0001a000 fd:01 1585337                    /home/devbox/android-studio/lib/idea_rt.jar
7f6c0070e000-7f6c00716000 rw-s 00000000 fd:01 2889772                    /tmp/hsperfdata_devbox/6789
7f6c00716000-7f6c00717000 rw-p 00000000 00:00 0 
7f6c00717000-7f6c00718000 ---p 00000000 00:00 0 
7f6c00718000-7f6c0071a000 rw-p 00000000 00:00 0 
7f6c0071a000-7f6c0071b000 r--p 00027000 fd:01 11670083                   /lib/x86_64-linux-gnu/ld-2.27.so
7f6c0071b000-7f6c0071c000 rw-p 00028000 fd:01 11670083                   /lib/x86_64-linux-gnu/ld-2.27.so
7f6c0071c000-7f6c0071d000 rw-p 00000000 00:00 0 
7ffcb32da000-7ffcb32fe000 rw-p 00000000 00:00 0                          [stack]
7ffcb33de000-7ffcb33e1000 r--p 00000000 00:00 0                          [vvar]
7ffcb33e1000-7ffcb33e3000 r-xp 00000000 00:00 0                          [vdso]
ffffffffff600000-ffffffffff601000 r-xp 00000000 00:00 0                  [vsyscall]

VM Arguments:
jvm_args: -ea -Didea.test.cyclic.buffer.size=1048576 -Didea.launcher.port=36137 -Didea.launcher.bin.path=/home/devbox/android-studio/bin -Dfile.encoding=UTF-8 
java_command: com.intellij.rt.execution.application.AppMainV2 com.intellij.rt.execution.junit.JUnitStarter -ideVersion5 com.example.devbox.bluebotcontroller.model.BluetoothConnectionTest,subscribeToInputAndOutputStreamTest
java_class_path (initial): /home/devbox/android-studio/lib/idea_rt.jar:/home/devbox/android-studio/plugins/junit/lib/junit-rt.jar:/home/devbox/android-studio/plugins/junit/lib/junit5-rt.jar:/home/devbox/Android/Sdk/platforms/android-27/data/res:/home/devbox/AndroidStudioProjects/bluebotcontroller/app/build/intermediates/classes/test/debug:/home/devbox/AndroidStudioProjects/bluebotcontroller/app/build/intermediates/classes/debug:/home/devbox/.gradle/caches/modules-2/files-2.1/backport-util-concurrent/backport-util-concurrent/3.1/682f7ac17fed79e92f8e87d8455192b63376347b/backport-util-concurrent-3.1.jar:/home/devbox/.gradle/caches/modules-2/files-2.1/android.arch.lifecycle/common/1.1.0/edf3f7bfb84a7521d0599efa3b0113a0ee90f85/common-1.1.0.jar:/home/devbox/.gradle/caches/modules-2/files-2.1/org.apache.maven/maven-error-diagnostics/2.2.1/e81bb342d7d172f23d108dc8fa979a1facdcde8e/maven-error-diagnostics-2.2.1.jar:/home/devbox/.gradle/caches/modules-2/files-2.1/org.apache.maven.wagon/wagon-http-lightweight/1.0-beta-6/b3815078570c3b1f0667e123d59717c6b726c6c2/wagon-http-lightweight-1.0-beta-6.jar:/home/devbox/.gradle/caches/modules-2/files-2.1/org.apache.maven/maven-project/2.2.1/8239e98c16f641d55a4ad0e0bab0aee3aff8933f/maven-project-2.2.1.jar:/home/devbox/.gradle/caches/modules-2/files-2.1/org.apache.maven.wagon/wagon-file/1.0-beta-6/6c53633505460caf49d2660de1e24744d915afb9/wagon-file-1.0-beta-6.jar:/home/devbox/.gradle/caches/modules-2/files-2.1/org.apache.maven.wagon/wagon-provider-api/1.0-beta-6/3f952e0282ae77ae59851d96bb18015e520b6208/wagon-provider-api-1.0-beta-6.jar:/home/devbox/.gradle/caches/modules-2/files-2.1/org.powermock/powermock-reflect/1.6.4/5532f4e7c42db4bca4778bc9f1afcd4b0ee0b893/powermock-reflect-1.6.4.jar:/home/devbox/.gradle/caches/transforms-1/files-1.1/support-core-ui-27.1.1.aar/5f61e71ce2f039aed2481b2208c7bb14/res:/home/devbox/.gradle/caches/transforms-1/files-1.1/support-core-ui-27.1.1.aar/5f61e71ce2f039aed2481b2208c7bb14/jars/classes.jar:/home/devbo
Launcher Type: SUN_STANDARD

Environment Variables:
PATH=/usr/local/sbin:/usr/local/bin:/usr/sbin:/usr/bin:/sbin:/bin:/usr/games:/usr/local/games:/snap/bin:/home/devbox/android-studio/bin:/home/devbox/myscripts/checks
USERNAME=devbox
SHELL=/bin/bash
DISPLAY=:0

Signal Handlers:
SIGSEGV: [libjvm.so+0x9edb30], sa_mask[0]=11111111011111111101111111111110, sa_flags=SA_RESTART|SA_SIGINFO
SIGBUS: [libjvm.so+0x9edb30], sa_mask[0]=11111111011111111101111111111110, sa_flags=SA_RESTART|SA_SIGINFO
SIGFPE: [libjvm.so+0x84e800], sa_mask[0]=11111111011111111101111111111110, sa_flags=SA_RESTART|SA_SIGINFO
SIGPIPE: [libjvm.so+0x84e800], sa_mask[0]=11111111011111111101111111111110, sa_flags=SA_RESTART|SA_SIGINFO
SIGXFSZ: [libjvm.so+0x84e800], sa_mask[0]=11111111011111111101111111111110, sa_flags=SA_RESTART|SA_SIGINFO
SIGILL: [libjvm.so+0x84e800], sa_mask[0]=11111111011111111101111111111110, sa_flags=SA_RESTART|SA_SIGINFO
SIGUSR1: SIG_DFL, sa_mask[0]=00000000000000000000000000000000, sa_flags=none
SIGUSR2: [libjvm.so+0x84e6d0], sa_mask[0]=00100000000000000000000000000000, sa_flags=SA_RESTART|SA_SIGINFO
SIGHUP: [libjvm.so+0x84e8c0], sa_mask[0]=11111111011111111101111111111110, sa_flags=SA_RESTART|SA_SIGINFO
SIGINT: [libjvm.so+0x84e8c0], sa_mask[0]=11111111011111111101111111111110, sa_flags=SA_RESTART|SA_SIGINFO
SIGTERM: [libjvm.so+0x84e8c0], sa_mask[0]=11111111011111111101111111111110, sa_flags=SA_RESTART|SA_SIGINFO
SIGQUIT: [libjvm.so+0x84e8c0], sa_mask[0]=11111111011111111101111111111110, sa_flags=SA_RESTART|SA_SIGINFO


---------------  S Y S T E M  ---------------

OS:DISTRIB_ID=Ubuntu
DISTRIB_RELEASE=18.04
DISTRIB_CODENAME=bionic
DISTRIB_DESCRIPTION="Ubuntu 18.04 LTS"

uname:Linux 4.15.0-22-generic #24-Ubuntu SMP Wed May 16 12:15:17 UTC 2018 x86_64
libc:glibc 2.27 NPTL 2.27 
rlimit: STACK 8192k, CORE 0k, NPROC 30077, NOFILE 4096, AS infinity
load average:5.76 3.05 2.12

/proc/meminfo:
MemTotal:        7761596 kB
MemFree:          237232 kB
MemAvailable:     140312 kB
Buffers:            3280 kB
Cached:           909056 kB
SwapCached:        49644 kB
Active:          6335588 kB
Inactive:         949556 kB
Active(anon):    6328160 kB
Inactive(anon):   916956 kB
Active(file):       7428 kB
Inactive(file):    32600 kB
Unevictable:          16 kB
Mlocked:              16 kB
SwapTotal:       1003516 kB
SwapFree:          19620 kB
Dirty:               236 kB
Writeback:            24 kB
AnonPages:       6323536 kB
Mapped:           386576 kB
Shmem:            872516 kB
Slab:             104568 kB
SReclaimable:      48288 kB
SUnreclaim:        56280 kB
KernelStack:       13344 kB
PageTables:        58728 kB
NFS_Unstable:          0 kB
Bounce:                0 kB
WritebackTmp:          0 kB
CommitLimit:     4884312 kB
Committed_AS:   13323036 kB
VmallocTotal:   34359738367 kB
VmallocUsed:           0 kB
VmallocChunk:          0 kB
HardwareCorrupted:     0 kB
AnonHugePages:         0 kB
ShmemHugePages:        0 kB
ShmemPmdMapped:        0 kB
CmaTotal:              0 kB
CmaFree:               0 kB
HugePages_Total:       0
HugePages_Free:        0
HugePages_Rsvd:        0
HugePages_Surp:        0
Hugepagesize:       2048 kB
DirectMap4k:      154208 kB
DirectMap2M:     5726208 kB
DirectMap1G:     3145728 kB


CPU:total 4 (initial active 4) (2 cores per cpu, 2 threads per core) family 6 model 78 stepping 3, cmov, cx8, fxsr, mmx, sse, sse2, sse3, ssse3, sse4.1, sse4.2, popcnt, avx, avx2, aes, clmul, erms, 3dnowpref, lzcnt, ht, tsc, tscinvbit, bmi1, bmi2, adx

/proc/cpuinfo:
processor	: 0
vendor_id	: GenuineIntel
cpu family	: 6
model		: 78
model name	: Intel(R) Core(TM) i7-6560U CPU @ 2.20GHz
stepping	: 3
microcode	: 0x5e
cpu MHz		: 2900.000
cache size	: 4096 KB
physical id	: 0
siblings	: 4
core id		: 0
cpu cores	: 2
apicid		: 0
initial apicid	: 0
fpu		: yes
fpu_exception	: yes
cpuid level	: 22
wp		: yes
flags		: fpu vme de pse tsc msr pae mce cx8 apic sep mtrr pge mca cmov pat pse36 clflush dts acpi mmx fxsr sse sse2 ss ht tm pbe syscall nx pdpe1gb rdtscp lm constant_tsc art arch_perfmon pebs bts rep_good nopl xtopology nonstop_tsc cpuid aperfmperf tsc_known_freq pni pclmulqdq dtes64 monitor ds_cpl vmx est tm2 ssse3 sdbg fma cx16 xtpr pdcm pcid sse4_1 sse4_2 x2apic movbe popcnt aes xsave avx f16c rdrand lahf_lm abm 3dnowprefetch cpuid_fault epb invpcid_single pti tpr_shadow vnmi flexpriority ept vpid fsgsbase tsc_adjust bmi1 avx2 smep bmi2 erms invpcid mpx rdseed adx smap clflushopt intel_pt xsaveopt xsavec xgetbv1 xsaves dtherm ida arat pln pts hwp hwp_notify hwp_act_window hwp_epp
bugs		: cpu_meltdown spectre_v1 spectre_v2 spec_store_bypass
bogomips	: 4416.00
clflush size	: 64
cache_alignment	: 64
address sizes	: 39 bits physical, 48 bits virtual
power management:

processor	: 1
vendor_id	: GenuineIntel
cpu family	: 6
model		: 78
model name	: Intel(R) Core(TM) i7-6560U CPU @ 2.20GHz
stepping	: 3
microcode	: 0x5e
cpu MHz		: 2900.001
cache size	: 4096 KB
physical id	: 0
siblings	: 4
core id		: 1
cpu cores	: 2
apicid		: 2
initial apicid	: 2
fpu		: yes
fpu_exception	: yes
cpuid level	: 22
wp		: yes
flags		: fpu vme de pse tsc msr pae mce cx8 apic sep mtrr pge mca cmov pat pse36 clflush dts acpi mmx fxsr sse sse2 ss ht tm pbe syscall nx pdpe1gb rdtscp lm constant_tsc art arch_perfmon pebs bts rep_good nopl xtopology nonstop_tsc cpuid aperfmperf tsc_known_freq pni pclmulqdq dtes64 monitor ds_cpl vmx est tm2 ssse3 sdbg fma cx16 xtpr pdcm pcid sse4_1 sse4_2 x2apic movbe popcnt aes xsave avx f16c rdrand lahf_lm abm 3dnowprefetch cpuid_fault epb invpcid_single pti tpr_shadow vnmi flexpriority ept vpid fsgsbase tsc_adjust bmi1 avx2 smep bmi2 erms invpcid mpx rdseed adx smap clflushopt intel_pt xsaveopt xsavec xgetbv1 xsaves dtherm ida arat pln pts hwp hwp_notify hwp_act_window hwp_epp
bugs		: cpu_meltdown spectre_v1 spectre_v2 spec_store_bypass
bogomips	: 4416.00
clflush size	: 64
cache_alignment	: 64
address sizes	: 39 bits physical, 48 bits virtual
power management:

processor	: 2
vendor_id	: GenuineIntel
cpu family	: 6
model		: 78
model name	: Intel(R) Core(TM) i7-6560U CPU @ 2.20GHz
stepping	: 3
microcode	: 0x5e
cpu MHz		: 2899.999
cache size	: 4096 KB
physical id	: 0
siblings	: 4
core id		: 0
cpu cores	: 2
apicid		: 1
initial apicid	: 1
fpu		: yes
fpu_exception	: yes
cpuid level	: 22
wp		: yes
flags		: fpu vme de pse tsc msr pae mce cx8 apic sep mtrr pge mca cmov pat pse36 clflush dts acpi mmx fxsr sse sse2 ss ht tm pbe syscall nx pdpe1gb rdtscp lm constant_tsc art arch_perfmon pebs bts rep_good nopl xtopology nonstop_tsc cpuid aperfmperf tsc_known_freq pni pclmulqdq dtes64 monitor ds_cpl vmx est tm2 ssse3 sdbg fma cx16 xtpr pdcm pcid sse4_1 sse4_2 x2apic movbe popcnt aes xsave avx f16c rdrand lahf_lm abm 3dnowprefetch cpuid_fault epb invpcid_single pti tpr_shadow vnmi flexpriority ept vpid fsgsbase tsc_adjust bmi1 avx2 smep bmi2 erms invpcid mpx rdseed adx smap clflushopt intel_pt xsaveopt xsavec xgetbv1 xsaves dtherm ida arat pln pts hwp hwp_notify hwp_act_window hwp_epp
bugs		: cpu_meltdown spectre_v1 spectre_v2 spec_store_bypass
bogomips	: 4416.00
clflush size	: 64
cache_alignment	: 64
address sizes	: 39 bits physical, 48 bits virtual
power management:

processor	: 3
vendor_id	: GenuineIntel
cpu family	: 6
model		: 78
model name	: Intel(R) Core(TM) i7-6560U CPU @ 2.20GHz
stepping	: 3
microcode	: 0x5e
cpu MHz		: 2900.000
cache size	: 4096 KB
physical id	: 0
siblings	: 4
core id		: 1
cpu cores	: 2
apicid		: 3
initial apicid	: 3
fpu		: yes
fpu_exception	: yes
cpuid level	: 22
wp		: yes
flags		: fpu vme de pse tsc msr pae mce cx8 apic sep mtrr pge mca cmov pat pse36 clflush dts acpi mmx fxsr sse sse2 ss ht tm pbe syscall nx pdpe1gb rdtscp lm constant_tsc art arch_perfmon pebs bts rep_good nopl xtopology nonstop_tsc cpuid aperfmperf tsc_known_freq pni pclmulqdq dtes64 monitor ds_cpl vmx est tm2 ssse3 sdbg fma cx16 xtpr pdcm pcid sse4_1 sse4_2 x2apic movbe popcnt aes xsave avx f16c rdrand lahf_lm abm 3dnowprefetch cpuid_fault epb invpcid_single pti tpr_shadow vnmi flexpriority ept vpid fsgsbase tsc_adjust bmi1 avx2 smep bmi2 erms invpcid mpx rdseed adx smap clflushopt intel_pt xsaveopt xsavec xgetbv1 xsaves dtherm ida arat pln pts hwp hwp_notify hwp_act_window hwp_epp
bugs		: cpu_meltdown spectre_v1 spectre_v2 spec_store_bypass
bogomips	: 4416.00
clflush size	: 64
cache_alignment	: 64
address sizes	: 39 bits physical, 48 bits virtual
power management:



Memory: 4k page, physical 7761596k(234752k free), swap 1003516k(21668k free)

vm_info: OpenJDK 64-Bit Server VM (25.152-b01) for linux-amd64 JRE (1.8.0_152-release-1024-b01), built by "builder" with gcc 4.8.4

time: Sun Jun 10 15:45:20 2018
elapsed time: 28 seconds (0d 0h 0m 28s)

